{"level":"\u001b[32minfo\u001b[39m","message":"{\"method\":\"GET\",\"url\":\"/api/user/getbook/66f275f9edd163d2683325d3\",\"status\":\"304\",\"responseTime\":\"397.756\"}","timestamp":"2024-10-10T01:13:59.074Z"}
{"level":"\u001b[32minfo\u001b[39m","message":"{\"method\":\"GET\",\"url\":\"/api/user/getorders/66f275f9edd163d2683325d3\",\"status\":\"200\",\"responseTime\":\"525.011\"}","timestamp":"2024-10-10T01:14:04.253Z"}
{"level":"\u001b[32minfo\u001b[39m","message":"{\"method\":\"GET\",\"url\":\"/api/user/getbook/66f275f9edd163d2683325d3\",\"status\":\"304\",\"responseTime\":\"1384.382\"}","timestamp":"2024-10-10T05:52:39.616Z"}
{"level":"\u001b[32minfo\u001b[39m","message":"{\"method\":\"GET\",\"url\":\"/api/user/getorders/66f275f9edd163d2683325d3\",\"status\":\"401\",\"responseTime\":\"0.989\"}","timestamp":"2024-10-10T05:53:20.338Z"}
{"level":"\u001b[32minfo\u001b[39m","message":"{\"method\":\"POST\",\"url\":\"/api/user/userrefresh-token\",\"status\":\"200\",\"responseTime\":\"9.462\"}","timestamp":"2024-10-10T05:53:20.353Z"}
{"level":"\u001b[32minfo\u001b[39m","message":"{\"method\":\"GET\",\"url\":\"/api/user/getorders/66f275f9edd163d2683325d3\",\"status\":\"200\",\"responseTime\":\"19417.297\"}","timestamp":"2024-10-10T05:53:39.775Z"}
{"level":"\u001b[32minfo\u001b[39m","message":"{\"method\":\"GET\",\"url\":\"/api/user/getbook/66f275f9edd163d2683325d3\",\"status\":\"304\",\"responseTime\":\"4854.596\"}","timestamp":"2024-10-10T06:01:16.356Z"}
{"level":"\u001b[32minfo\u001b[39m","message":"{\"method\":\"GET\",\"url\":\"/api/user/getorders/66f275f9edd163d2683325d3\",\"status\":\"401\",\"responseTime\":\"0.329\"}","timestamp":"2024-10-10T06:01:38.459Z"}
{"level":"\u001b[32minfo\u001b[39m","message":"{\"method\":\"POST\",\"url\":\"/api/user/userrefresh-token\",\"status\":\"200\",\"responseTime\":\"2.315\"}","timestamp":"2024-10-10T06:01:38.466Z"}
{"level":"\u001b[32minfo\u001b[39m","message":"{\"method\":\"GET\",\"url\":\"/api/user/getorders/66f275f9edd163d2683325d3\",\"status\":\"304\",\"responseTime\":\"1586.608\"}","timestamp":"2024-10-10T06:01:40.057Z"}
{"level":"\u001b[32minfo\u001b[39m","message":"{\"method\":\"GET\",\"url\":\"/api/user/getbook/66f275f9edd163d2683325d3\",\"status\":\"304\",\"responseTime\":\"425.367\"}","timestamp":"2024-10-10T06:03:31.115Z"}
{"level":"\u001b[32minfo\u001b[39m","message":"{\"method\":\"GET\",\"url\":\"/api/user/getorders/66f275f9edd163d2683325d3\",\"status\":\"401\",\"responseTime\":\"0.521\"}","timestamp":"2024-10-10T06:03:55.764Z"}
{"level":"\u001b[32minfo\u001b[39m","message":"{\"method\":\"POST\",\"url\":\"/api/user/userrefresh-token\",\"status\":\"200\",\"responseTime\":\"2.549\"}","timestamp":"2024-10-10T06:03:55.771Z"}
{"level":"\u001b[32minfo\u001b[39m","message":"{\"method\":\"GET\",\"url\":\"/api/user/getorders/66f275f9edd163d2683325d3\",\"status\":\"304\",\"responseTime\":\"289.615\"}","timestamp":"2024-10-10T06:03:56.066Z"}
{"level":"\u001b[32minfo\u001b[39m","message":"{\"method\":\"GET\",\"url\":\"/api/user/getbook/66f275f9edd163d2683325d3\",\"status\":\"304\",\"responseTime\":\"363.220\"}","timestamp":"2024-10-10T06:12:27.834Z"}
{"level":"\u001b[32minfo\u001b[39m","message":"{\"method\":\"GET\",\"url\":\"/api/user/getorders/66f275f9edd163d2683325d3\",\"status\":\"401\",\"responseTime\":\"0.324\"}","timestamp":"2024-10-10T06:12:44.449Z"}
{"level":"\u001b[32minfo\u001b[39m","message":"{\"method\":\"POST\",\"url\":\"/api/user/userrefresh-token\",\"status\":\"200\",\"responseTime\":\"2.324\"}","timestamp":"2024-10-10T06:12:44.456Z"}
{"level":"\u001b[32minfo\u001b[39m","message":"{\"method\":\"GET\",\"url\":\"/api/user/getorders/66f275f9edd163d2683325d3\",\"status\":\"304\",\"responseTime\":\"499.422\"}","timestamp":"2024-10-10T06:12:44.960Z"}
{"level":"\u001b[32minfo\u001b[39m","message":"{\"method\":\"GET\",\"url\":\"/api/user/getbook/66f275f9edd163d2683325d3\",\"status\":\"304\",\"responseTime\":\"539.110\"}","timestamp":"2024-10-10T06:18:41.121Z"}
{"level":"\u001b[32minfo\u001b[39m","message":"{\"method\":\"GET\",\"url\":\"/api/user/getbook/66f275f9edd163d2683325d3\",\"status\":\"304\",\"responseTime\":\"893.534\"}","timestamp":"2024-10-10T06:26:19.550Z"}
{"level":"\u001b[32minfo\u001b[39m","message":"{\"method\":\"GET\",\"url\":\"/api/user/getorders/66f275f9edd163d2683325d3\",\"status\":\"401\",\"responseTime\":\"0.381\"}","timestamp":"2024-10-10T06:26:32.807Z"}
{"level":"\u001b[32minfo\u001b[39m","message":"{\"method\":\"POST\",\"url\":\"/api/user/userrefresh-token\",\"status\":\"200\",\"responseTime\":\"2.565\"}","timestamp":"2024-10-10T06:26:32.814Z"}
{"level":"\u001b[32minfo\u001b[39m","message":"{\"method\":\"GET\",\"url\":\"/api/user/getorders/66f275f9edd163d2683325d3\",\"status\":\"304\",\"responseTime\":\"320.478\"}","timestamp":"2024-10-10T06:26:33.139Z"}
{"level":"\u001b[32minfo\u001b[39m","message":"{\"method\":\"POST\",\"url\":\"/api/user/login\",\"status\":\"200\",\"responseTime\":\"136.091\"}","timestamp":"2024-10-10T09:19:36.868Z"}
{"level":"\u001b[32minfo\u001b[39m","message":"{\"method\":\"GET\",\"url\":\"/api/user/getbook/66f275f9edd163d2683325d3\",\"status\":\"304\",\"responseTime\":\"237.315\"}","timestamp":"2024-10-10T09:19:46.271Z"}
{"level":"\u001b[32minfo\u001b[39m","message":"{\"method\":\"GET\",\"url\":\"/api/user/getorders/66f275f9edd163d2683325d3\",\"status\":\"304\",\"responseTime\":\"215.851\"}","timestamp":"2024-10-10T09:19:52.246Z"}
{"level":"\u001b[32minfo\u001b[39m","message":"{\"method\":\"GET\",\"url\":\"/api/user/getbook/66f275f9edd163d2683325d3\",\"status\":\"304\",\"responseTime\":\"294.413\"}","timestamp":"2024-10-10T09:35:07.171Z"}
{"level":"\u001b[32minfo\u001b[39m","message":"{\"method\":\"GET\",\"url\":\"/api/user/getbook/66f275f9edd163d2683325d3\",\"status\":\"304\",\"responseTime\":\"716.919\"}","timestamp":"2024-10-10T09:35:19.584Z"}
{"level":"\u001b[32minfo\u001b[39m","message":"{\"method\":\"GET\",\"url\":\"/api/user/getbook/66f275f9edd163d2683325d3\",\"status\":\"304\",\"responseTime\":\"208.294\"}","timestamp":"2024-10-10T09:35:24.063Z"}
{"level":"\u001b[32minfo\u001b[39m","message":"{\"method\":\"GET\",\"url\":\"/api/user/getbook/66f275f9edd163d2683325d3\",\"status\":\"304\",\"responseTime\":\"1027.769\"}","timestamp":"2024-10-10T09:35:26.885Z"}
{"level":"\u001b[32minfo\u001b[39m","message":"{\"method\":\"GET\",\"url\":\"/api/user/getbook/66f275f9edd163d2683325d3\",\"status\":\"304\",\"responseTime\":\"249.642\"}","timestamp":"2024-10-10T09:35:35.116Z"}
{"level":"\u001b[32minfo\u001b[39m","message":"{\"method\":\"GET\",\"url\":\"/api/user/getbook/66f275f9edd163d2683325d3\",\"status\":\"304\",\"responseTime\":\"165.194\"}","timestamp":"2024-10-10T09:35:42.021Z"}
{"level":"\u001b[32minfo\u001b[39m","message":"{\"method\":\"GET\",\"url\":\"/api/user/getbook/66f275f9edd163d2683325d3\",\"status\":\"304\",\"responseTime\":\"218.934\"}","timestamp":"2024-10-10T09:35:47.082Z"}
{"level":"\u001b[32minfo\u001b[39m","message":"{\"method\":\"GET\",\"url\":\"/api/user/getbook/66f275f9edd163d2683325d3\",\"status\":\"304\",\"responseTime\":\"336.599\"}","timestamp":"2024-10-10T09:35:50.191Z"}
{"level":"\u001b[32minfo\u001b[39m","message":"{\"method\":\"GET\",\"url\":\"/api/user/getbook/66f275f9edd163d2683325d3\",\"status\":\"304\",\"responseTime\":\"303.381\"}","timestamp":"2024-10-10T09:35:52.159Z"}
{"level":"\u001b[32minfo\u001b[39m","message":"{\"method\":\"GET\",\"url\":\"/api/user/getbook/66f275f9edd163d2683325d3\",\"status\":\"304\",\"responseTime\":\"283.873\"}","timestamp":"2024-10-10T09:36:15.152Z"}
{"level":"\u001b[32minfo\u001b[39m","message":"{\"method\":\"GET\",\"url\":\"/api/user/getbook/66f275f9edd163d2683325d3\",\"status\":\"304\",\"responseTime\":\"200.452\"}","timestamp":"2024-10-10T09:36:24.056Z"}
{"level":"\u001b[32minfo\u001b[39m","message":"{\"method\":\"GET\",\"url\":\"/api/user/getbook/66f275f9edd163d2683325d3\",\"status\":\"304\",\"responseTime\":\"155.974\"}","timestamp":"2024-10-10T09:36:30.022Z"}
{"level":"\u001b[32minfo\u001b[39m","message":"{\"method\":\"GET\",\"url\":\"/api/user/getbook/66f275f9edd163d2683325d3\",\"status\":\"304\",\"responseTime\":\"220.972\"}","timestamp":"2024-10-10T09:36:34.079Z"}
{"level":"\u001b[32minfo\u001b[39m","message":"{\"method\":\"GET\",\"url\":\"/api/user/getbook/66f275f9edd163d2683325d3\",\"status\":\"304\",\"responseTime\":\"168.124\"}","timestamp":"2024-10-10T09:36:55.026Z"}
{"level":"\u001b[32minfo\u001b[39m","message":"{\"method\":\"GET\",\"url\":\"/api/user/getbook/66f275f9edd163d2683325d3\",\"status\":\"304\",\"responseTime\":\"131.184\"}","timestamp":"2024-10-10T09:36:56.996Z"}
{"level":"\u001b[32minfo\u001b[39m","message":"{\"method\":\"GET\",\"url\":\"/api/user/getbook/66f275f9edd163d2683325d3\",\"status\":\"304\",\"responseTime\":\"406.034\"}","timestamp":"2024-10-10T09:37:01.271Z"}
{"level":"\u001b[32minfo\u001b[39m","message":"{\"method\":\"GET\",\"url\":\"/api/user/getbook/66f275f9edd163d2683325d3\",\"status\":\"304\",\"responseTime\":\"227.298\"}","timestamp":"2024-10-10T09:37:05.086Z"}
{"level":"\u001b[32minfo\u001b[39m","message":"{\"method\":\"GET\",\"url\":\"/api/user/getbook/66f275f9edd163d2683325d3\",\"status\":\"304\",\"responseTime\":\"245.637\"}","timestamp":"2024-10-10T09:37:06.102Z"}
{"level":"\u001b[32minfo\u001b[39m","message":"{\"method\":\"GET\",\"url\":\"/api/user/getbook/66f275f9edd163d2683325d3\",\"status\":\"304\",\"responseTime\":\"730.657\"}","timestamp":"2024-10-10T09:48:54.588Z"}
{"level":"\u001b[32minfo\u001b[39m","message":"{\"method\":\"GET\",\"url\":\"/api/user/getbook/66f275f9edd163d2683325d3\",\"status\":\"304\",\"responseTime\":\"157.127\"}","timestamp":"2024-10-10T09:49:00.016Z"}
{"level":"\u001b[32minfo\u001b[39m","message":"{\"method\":\"GET\",\"url\":\"/api/user/getbook/66f275f9edd163d2683325d3\",\"status\":\"304\",\"responseTime\":\"1856.287\"}","timestamp":"2024-10-10T10:00:02.723Z"}
{"level":"\u001b[32minfo\u001b[39m","message":"{\"method\":\"GET\",\"url\":\"/api/user/getbook/66f275f9edd163d2683325d3\",\"status\":\"304\",\"responseTime\":\"838.279\"}","timestamp":"2024-10-10T10:01:10.768Z"}
{"level":"\u001b[32minfo\u001b[39m","message":"{\"method\":\"POST\",\"url\":\"/api/user/userchat/[object%20Object]\",\"status\":\"401\",\"responseTime\":\"2.033\"}","timestamp":"2024-10-10T10:01:13.199Z"}
{"level":"\u001b[32minfo\u001b[39m","message":"{\"method\":\"POST\",\"url\":\"/api/user/userrefresh-token\",\"status\":\"200\",\"responseTime\":\"7.266\"}","timestamp":"2024-10-10T10:01:13.212Z"}
{"level":"\u001b[32minfo\u001b[39m","message":"{\"method\":\"POST\",\"url\":\"/api/user/userchat/[object%20Object]\",\"status\":\"401\",\"responseTime\":\"1.013\"}","timestamp":"2024-10-10T10:01:13.218Z"}
{"level":"\u001b[32minfo\u001b[39m","message":"{\"method\":\"POST\",\"url\":\"/api/user/userchat/[object%20Object]\",\"status\":\"401\",\"responseTime\":\"0.861\"}","timestamp":"2024-10-10T10:01:24.725Z"}
{"level":"\u001b[32minfo\u001b[39m","message":"{\"method\":\"POST\",\"url\":\"/api/user/userrefresh-token\",\"status\":\"200\",\"responseTime\":\"2.634\"}","timestamp":"2024-10-10T10:01:24.733Z"}
{"level":"\u001b[32minfo\u001b[39m","message":"{\"method\":\"POST\",\"url\":\"/api/user/userchat/[object%20Object]\",\"status\":\"401\",\"responseTime\":\"0.904\"}","timestamp":"2024-10-10T10:01:24.739Z"}
{"level":"\u001b[32minfo\u001b[39m","message":"{\"method\":\"POST\",\"url\":\"/api/user/userchat/[object%20Object]\",\"status\":\"401\",\"responseTime\":\"0.766\"}","timestamp":"2024-10-10T10:02:15.237Z"}
{"level":"\u001b[32minfo\u001b[39m","message":"{\"method\":\"POST\",\"url\":\"/api/user/userrefresh-token\",\"status\":\"200\",\"responseTime\":\"4.185\"}","timestamp":"2024-10-10T10:02:15.247Z"}
{"level":"\u001b[32minfo\u001b[39m","message":"{\"method\":\"POST\",\"url\":\"/api/user/userchat/[object%20Object]\",\"status\":\"401\",\"responseTime\":\"0.747\"}","timestamp":"2024-10-10T10:02:15.252Z"}
{"level":"\u001b[32minfo\u001b[39m","message":"{\"method\":\"POST\",\"url\":\"/api/user/userchat/[object%20Object]\",\"status\":\"401\",\"responseTime\":\"0.917\"}","timestamp":"2024-10-10T10:03:09.528Z"}
{"level":"\u001b[32minfo\u001b[39m","message":"{\"method\":\"POST\",\"url\":\"/api/user/userrefresh-token\",\"status\":\"200\",\"responseTime\":\"2.778\"}","timestamp":"2024-10-10T10:03:09.537Z"}
{"level":"\u001b[32minfo\u001b[39m","message":"{\"method\":\"POST\",\"url\":\"/api/user/userchat/[object%20Object]\",\"status\":\"401\",\"responseTime\":\"0.845\"}","timestamp":"2024-10-10T10:03:09.542Z"}
{"level":"\u001b[32minfo\u001b[39m","message":"{\"method\":\"GET\",\"url\":\"/api/user/getbook/66f275f9edd163d2683325d3\",\"status\":\"304\",\"responseTime\":\"242.649\"}","timestamp":"2024-10-10T10:10:12.034Z"}
{"level":"\u001b[32minfo\u001b[39m","message":"{\"method\":\"GET\",\"url\":\"/api/user/getbook/66f275f9edd163d2683325d3\",\"status\":\"304\",\"responseTime\":\"287.044\"}","timestamp":"2024-10-10T10:10:15.840Z"}
{"level":"\u001b[32minfo\u001b[39m","message":"{\"method\":\"GET\",\"url\":\"/api/user/getbook/66f275f9edd163d2683325d3\",\"status\":\"304\",\"responseTime\":\"88.604\"}","timestamp":"2024-10-10T10:10:28.912Z"}
{"level":"\u001b[32minfo\u001b[39m","message":"{\"method\":\"POST\",\"url\":\"/api/user/userchat/[object%20Object]\",\"status\":\"401\",\"responseTime\":\"0.953\"}","timestamp":"2024-10-10T10:13:18.935Z"}
{"level":"\u001b[32minfo\u001b[39m","message":"{\"method\":\"POST\",\"url\":\"/api/user/userrefresh-token\",\"status\":\"200\",\"responseTime\":\"3.012\"}","timestamp":"2024-10-10T10:13:18.946Z"}
{"level":"\u001b[32minfo\u001b[39m","message":"{\"method\":\"POST\",\"url\":\"/api/user/userchat/[object%20Object]\",\"status\":\"401\",\"responseTime\":\"0.784\"}","timestamp":"2024-10-10T10:13:18.954Z"}
{"level":"\u001b[32minfo\u001b[39m","message":"{\"method\":\"POST\",\"url\":\"/api/user/userchat/66f275f9edd163d2683325d3\",\"status\":\"401\",\"responseTime\":\"0.818\"}","timestamp":"2024-10-10T10:14:01.110Z"}
{"level":"\u001b[32minfo\u001b[39m","message":"{\"method\":\"POST\",\"url\":\"/api/user/userrefresh-token\",\"status\":\"200\",\"responseTime\":\"7.010\"}","timestamp":"2024-10-10T10:14:01.123Z"}
{"level":"\u001b[32minfo\u001b[39m","message":"{\"method\":\"POST\",\"url\":\"/api/user/userchat/66f275f9edd163d2683325d3\",\"status\":\"401\",\"responseTime\":\"0.924\"}","timestamp":"2024-10-10T10:14:01.130Z"}
{"level":"\u001b[32minfo\u001b[39m","message":"{\"method\":\"POST\",\"url\":\"/api/user/login\",\"status\":\"200\",\"responseTime\":\"223.366\"}","timestamp":"2024-10-10T10:27:47.423Z"}
{"level":"\u001b[32minfo\u001b[39m","message":"{\"method\":\"GET\",\"url\":\"/api/user/getbook/66f275f9edd163d2683325d3\",\"status\":\"304\",\"responseTime\":\"205.908\"}","timestamp":"2024-10-10T10:27:53.696Z"}
{"level":"\u001b[32minfo\u001b[39m","message":"{\"method\":\"POST\",\"url\":\"/api/user/login\",\"status\":\"200\",\"responseTime\":\"301.510\"}","timestamp":"2024-10-10T11:05:19.581Z"}
{"level":"\u001b[32minfo\u001b[39m","message":"{\"method\":\"GET\",\"url\":\"/api/user/getbook/66f275f9edd163d2683325d3\",\"status\":\"304\",\"responseTime\":\"495.059\"}","timestamp":"2024-10-10T11:05:25.081Z"}
{"level":"\u001b[32minfo\u001b[39m","message":"{\"method\":\"POST\",\"url\":\"/api/user/userchat/66f275f9edd163d2683325d3\",\"status\":\"200\",\"responseTime\":\"571.089\"}","timestamp":"2024-10-10T11:05:41.861Z"}
{"level":"\u001b[32minfo\u001b[39m","message":"{\"method\":\"GET\",\"url\":\"/api/user/getbook/66f275f9edd163d2683325d3\",\"status\":\"304\",\"responseTime\":\"240.609\"}","timestamp":"2024-10-10T11:42:38.397Z"}
{"level":"\u001b[32minfo\u001b[39m","message":"{\"method\":\"POST\",\"url\":\"/api/user/userchat/66f275f9edd163d2683325d3\",\"status\":\"200\",\"responseTime\":\"246.997\"}","timestamp":"2024-10-10T11:42:40.977Z"}
{"level":"\u001b[32minfo\u001b[39m","message":"{\"method\":\"POST\",\"url\":\"/api/user/userchat/66f275f9edd163d2683325d3\",\"status\":\"200\",\"responseTime\":\"111.038\"}","timestamp":"2024-10-10T12:03:43.284Z"}
{"level":"\u001b[32minfo\u001b[39m","message":"{\"method\":\"POST\",\"url\":\"/api/user/userchat/66f275f9edd163d2683325d3\",\"status\":\"200\",\"responseTime\":\"232.881\"}","timestamp":"2024-10-10T12:03:49.086Z"}
{"level":"\u001b[32minfo\u001b[39m","message":"{\"method\":\"POST\",\"url\":\"/api/user/userchat/66f275f9edd163d2683325d3\",\"status\":\"200\",\"responseTime\":\"201.173\"}","timestamp":"2024-10-10T12:04:43.735Z"}
{"level":"\u001b[32minfo\u001b[39m","message":"{\"method\":\"POST\",\"url\":\"/api/user/userchat/66f275f9edd163d2683325d3\",\"status\":\"200\",\"responseTime\":\"193.901\"}","timestamp":"2024-10-10T12:05:15.836Z"}
{"level":"\u001b[32minfo\u001b[39m","message":"{\"method\":\"POST\",\"url\":\"/api/user/userchat/66f275f9edd163d2683325d3\",\"status\":\"500\",\"responseTime\":\"13.106\"}","timestamp":"2024-10-10T12:08:47.864Z"}
{"level":"\u001b[32minfo\u001b[39m","message":"{\"method\":\"POST\",\"url\":\"/api/user/login\",\"status\":\"200\",\"responseTime\":\"152.959\"}","timestamp":"2024-10-10T12:09:21.267Z"}
{"level":"\u001b[32minfo\u001b[39m","message":"{\"method\":\"GET\",\"url\":\"/api/user/getbook/66f275f9edd163d2683325d3\",\"status\":\"304\",\"responseTime\":\"177.780\"}","timestamp":"2024-10-10T12:09:26.632Z"}
{"level":"\u001b[32minfo\u001b[39m","message":"{\"method\":\"POST\",\"url\":\"/api/user/userchat/66f275f9edd163d2683325d3\",\"status\":\"200\",\"responseTime\":\"271.729\"}","timestamp":"2024-10-10T12:09:28.702Z"}
{"level":"\u001b[32minfo\u001b[39m","message":"{\"method\":\"POST\",\"url\":\"/api/user/userchat/66f275f9edd163d2683325d3\",\"status\":\"200\",\"responseTime\":\"230.544\"}","timestamp":"2024-10-10T12:19:24.740Z"}
{"level":"\u001b[32minfo\u001b[39m","message":"{\"method\":\"GET\",\"url\":\"/api/user/getbook/66f275f9edd163d2683325d3\",\"status\":\"304\",\"responseTime\":\"226.625\"}","timestamp":"2024-10-10T13:16:10.095Z"}
{"level":"\u001b[32minfo\u001b[39m","message":"{\"method\":\"GET\",\"url\":\"/api/user/getbook/66f275f9edd163d2683325d3\",\"status\":\"304\",\"responseTime\":\"1858.293\"}","timestamp":"2024-10-10T13:16:14.711Z"}
{"level":"\u001b[32minfo\u001b[39m","message":"{\"method\":\"GET\",\"url\":\"/api/user/getbook/66f275f9edd163d2683325d3\",\"status\":\"304\",\"responseTime\":\"162.823\"}","timestamp":"2024-10-10T13:16:20.025Z"}
{"level":"\u001b[32minfo\u001b[39m","message":"{\"method\":\"GET\",\"url\":\"/api/user/getbook/66f275f9edd163d2683325d3\",\"status\":\"304\",\"responseTime\":\"161.059\"}","timestamp":"2024-10-10T13:16:27.033Z"}
{"level":"\u001b[32minfo\u001b[39m","message":"{\"method\":\"GET\",\"url\":\"/api/user/getbook/66f275f9edd163d2683325d3\",\"status\":\"304\",\"responseTime\":\"261.376\"}","timestamp":"2024-10-10T13:16:33.116Z"}
{"level":"\u001b[32minfo\u001b[39m","message":"{\"method\":\"GET\",\"url\":\"/api/user/getbook/66f275f9edd163d2683325d3\",\"status\":\"304\",\"responseTime\":\"166.161\"}","timestamp":"2024-10-10T13:16:48.019Z"}
{"level":"\u001b[32minfo\u001b[39m","message":"{\"method\":\"GET\",\"url\":\"/api/user/getbook/66f275f9edd163d2683325d3\",\"status\":\"304\",\"responseTime\":\"62.031\"}","timestamp":"2024-10-10T13:16:57.919Z"}
{"level":"\u001b[32minfo\u001b[39m","message":"{\"method\":\"GET\",\"url\":\"/api/user/getbook/66f275f9edd163d2683325d3\",\"status\":\"304\",\"responseTime\":\"146.821\"}","timestamp":"2024-10-10T13:16:59.015Z"}
{"level":"\u001b[32minfo\u001b[39m","message":"{\"method\":\"GET\",\"url\":\"/api/user/getbook/66f275f9edd163d2683325d3\",\"status\":\"304\",\"responseTime\":\"135.616\"}","timestamp":"2024-10-10T13:17:01.993Z"}
{"level":"\u001b[32minfo\u001b[39m","message":"{\"method\":\"GET\",\"url\":\"/api/user/getbook/66f275f9edd163d2683325d3\",\"status\":\"304\",\"responseTime\":\"178.723\"}","timestamp":"2024-10-10T13:17:07.044Z"}
{"level":"\u001b[32minfo\u001b[39m","message":"{\"method\":\"GET\",\"url\":\"/api/user/getbook/66f275f9edd163d2683325d3\",\"status\":\"304\",\"responseTime\":\"76.393\"}","timestamp":"2024-10-10T13:17:23.936Z"}
{"level":"\u001b[32minfo\u001b[39m","message":"{\"method\":\"GET\",\"url\":\"/api/user/getbook/66f275f9edd163d2683325d3\",\"status\":\"304\",\"responseTime\":\"778.847\"}","timestamp":"2024-10-10T13:17:31.637Z"}
{"level":"\u001b[32minfo\u001b[39m","message":"{\"method\":\"GET\",\"url\":\"/api/user/getbook/66f275f9edd163d2683325d3\",\"status\":\"304\",\"responseTime\":\"1423.744\"}","timestamp":"2024-10-10T13:17:38.282Z"}
{"level":"\u001b[32minfo\u001b[39m","message":"{\"method\":\"GET\",\"url\":\"/api/user/getbook/66f275f9edd163d2683325d3\",\"status\":\"304\",\"responseTime\":\"264.152\"}","timestamp":"2024-10-10T13:17:42.126Z"}
{"level":"\u001b[32minfo\u001b[39m","message":"{\"method\":\"GET\",\"url\":\"/api/user/getbook/66f275f9edd163d2683325d3\",\"status\":\"304\",\"responseTime\":\"93.993\"}","timestamp":"2024-10-10T13:17:44.957Z"}
{"level":"\u001b[32minfo\u001b[39m","message":"{\"method\":\"GET\",\"url\":\"/api/user/getbook/66f275f9edd163d2683325d3\",\"status\":\"304\",\"responseTime\":\"162.698\"}","timestamp":"2024-10-10T13:17:51.021Z"}
{"level":"\u001b[32minfo\u001b[39m","message":"{\"method\":\"GET\",\"url\":\"/api/user/getbook/66f275f9edd163d2683325d3\",\"status\":\"304\",\"responseTime\":\"158.822\"}","timestamp":"2024-10-10T13:17:56.025Z"}
{"level":"\u001b[32minfo\u001b[39m","message":"{\"method\":\"GET\",\"url\":\"/api/user/getbook/66f275f9edd163d2683325d3\",\"status\":\"304\",\"responseTime\":\"346.757\"}","timestamp":"2024-10-10T13:17:59.206Z"}
{"level":"\u001b[32minfo\u001b[39m","message":"{\"method\":\"GET\",\"url\":\"/api/user/getbook/66f275f9edd163d2683325d3\",\"status\":\"304\",\"responseTime\":\"161.672\"}","timestamp":"2024-10-10T13:18:00.025Z"}
{"level":"\u001b[32minfo\u001b[39m","message":"{\"method\":\"POST\",\"url\":\"/api/user/login\",\"status\":\"200\",\"responseTime\":\"120.977\"}","timestamp":"2024-10-10T13:36:55.006Z"}
{"level":"\u001b[32minfo\u001b[39m","message":"{\"method\":\"GET\",\"url\":\"/api/user/getbook/66f275f9edd163d2683325d3\",\"status\":\"304\",\"responseTime\":\"69.073\"}","timestamp":"2024-10-10T13:37:00.323Z"}
{"level":"\u001b[32minfo\u001b[39m","message":"{\"method\":\"POST\",\"url\":\"/api/user/userchat/66f275f9edd163d2683325d3\",\"status\":\"200\",\"responseTime\":\"250.495\"}","timestamp":"2024-10-10T13:37:01.741Z"}
{"level":"\u001b[32minfo\u001b[39m","message":"{\"method\":\"POST\",\"url\":\"/api/user/userchat/66f275f9edd163d2683325d3\",\"status\":\"200\",\"responseTime\":\"94.927\"}","timestamp":"2024-10-10T13:37:07.960Z"}
{"level":"\u001b[32minfo\u001b[39m","message":"{\"method\":\"POST\",\"url\":\"/api/user/userchat/66f275f9edd163d2683325d3\",\"status\":\"200\",\"responseTime\":\"99.380\"}","timestamp":"2024-10-10T13:38:05.133Z"}
{"level":"\u001b[32minfo\u001b[39m","message":"{\"method\":\"POST\",\"url\":\"/api/user/userchat/66f275f9edd163d2683325d3\",\"status\":\"200\",\"responseTime\":\"246.963\"}","timestamp":"2024-10-10T13:43:40.695Z"}
{"level":"\u001b[32minfo\u001b[39m","message":"{\"method\":\"POST\",\"url\":\"/api/user/userchat/66f275f9edd163d2683325d3\",\"status\":\"200\",\"responseTime\":\"255.611\"}","timestamp":"2024-10-10T13:43:51.932Z"}
{"level":"\u001b[32minfo\u001b[39m","message":"{\"method\":\"POST\",\"url\":\"/api/user/userchat/66f275f9edd163d2683325d3\",\"status\":\"200\",\"responseTime\":\"186.092\"}","timestamp":"2024-10-10T13:45:54.890Z"}
{"level":"\u001b[32minfo\u001b[39m","message":"{\"method\":\"POST\",\"url\":\"/api/user/userchat/66f275f9edd163d2683325d3\",\"status\":\"200\",\"responseTime\":\"218.473\"}","timestamp":"2024-10-10T13:46:00.797Z"}
{"level":"\u001b[32minfo\u001b[39m","message":"{\"method\":\"POST\",\"url\":\"/api/user/userchat/66f275f9edd163d2683325d3\",\"status\":\"200\",\"responseTime\":\"83.412\"}","timestamp":"2024-10-10T13:50:35.404Z"}
{"level":"\u001b[32minfo\u001b[39m","message":"{\"method\":\"POST\",\"url\":\"/api/user/userchat/66f275f9edd163d2683325d3\",\"status\":\"200\",\"responseTime\":\"95.222\"}","timestamp":"2024-10-10T13:51:01.615Z"}
{"level":"\u001b[32minfo\u001b[39m","message":"{\"method\":\"POST\",\"url\":\"/api/user/userchat/66f275f9edd163d2683325d3\",\"status\":\"200\",\"responseTime\":\"135.684\"}","timestamp":"2024-10-10T13:53:04.907Z"}
{"level":"\u001b[32minfo\u001b[39m","message":"{\"method\":\"POST\",\"url\":\"/api/user/userchat/66f275f9edd163d2683325d3\",\"status\":\"200\",\"responseTime\":\"94.811\"}","timestamp":"2024-10-10T13:54:40.464Z"}
{"level":"\u001b[32minfo\u001b[39m","message":"{\"method\":\"POST\",\"url\":\"/api/user/sendmessages\",\"status\":\"200\",\"responseTime\":\"634.451\"}","timestamp":"2024-10-10T14:17:19.396Z"}
{"level":"\u001b[32minfo\u001b[39m","message":"{\"method\":\"GET\",\"url\":\"/api/user/getbook/66f275f9edd163d2683325d3\",\"status\":\"304\",\"responseTime\":\"158.100\"}","timestamp":"2024-10-10T14:17:44.361Z"}
{"level":"\u001b[32minfo\u001b[39m","message":"{\"method\":\"POST\",\"url\":\"/api/user/userchat/66f275f9edd163d2683325d3\",\"status\":\"200\",\"responseTime\":\"2432.695\"}","timestamp":"2024-10-10T14:17:48.903Z"}
{"level":"\u001b[32minfo\u001b[39m","message":"{\"method\":\"POST\",\"url\":\"/api/user/sendmessages\",\"status\":\"200\",\"responseTime\":\"135.250\"}","timestamp":"2024-10-10T14:17:54.082Z"}
{"level":"\u001b[32minfo\u001b[39m","message":"{\"method\":\"GET\",\"url\":\"/api/user/getbook/66f275f9edd163d2683325d3\",\"status\":\"304\",\"responseTime\":\"64.563\"}","timestamp":"2024-10-10T14:20:13.822Z"}
{"level":"\u001b[32minfo\u001b[39m","message":"{\"method\":\"POST\",\"url\":\"/api/user/userchat/66f275f9edd163d2683325d3\",\"status\":\"200\",\"responseTime\":\"243.690\"}","timestamp":"2024-10-10T14:20:18.052Z"}
{"level":"\u001b[32minfo\u001b[39m","message":"{\"method\":\"POST\",\"url\":\"/api/user/sendmessages\",\"status\":\"200\",\"responseTime\":\"43.879\"}","timestamp":"2024-10-10T14:20:23.905Z"}
{"level":"\u001b[32minfo\u001b[39m","message":"{\"method\":\"POST\",\"url\":\"/api/user/sendmessages\",\"status\":\"200\",\"responseTime\":\"415.716\"}","timestamp":"2024-10-10T14:29:09.064Z"}
{"level":"\u001b[32minfo\u001b[39m","message":"{\"method\":\"GET\",\"url\":\"/api/user/getbook/66f275f9edd163d2683325d3\",\"status\":\"304\",\"responseTime\":\"98.969\"}","timestamp":"2024-10-10T14:33:44.085Z"}
{"level":"\u001b[32minfo\u001b[39m","message":"{\"method\":\"GET\",\"url\":\"/api/user/getbook/66f275f9edd163d2683325d3\",\"status\":\"304\",\"responseTime\":\"69.385\"}","timestamp":"2024-10-10T14:34:09.948Z"}
{"level":"\u001b[32minfo\u001b[39m","message":"{\"method\":\"GET\",\"url\":\"/api/user/getbook/66f275f9edd163d2683325d3\",\"status\":\"304\",\"responseTime\":\"175.808\"}","timestamp":"2024-10-10T14:34:15.045Z"}
{"level":"\u001b[32minfo\u001b[39m","message":"{\"method\":\"GET\",\"url\":\"/api/user/getbook/66f275f9edd163d2683325d3\",\"status\":\"304\",\"responseTime\":\"203.003\"}","timestamp":"2024-10-10T14:37:14.074Z"}
{"level":"\u001b[32minfo\u001b[39m","message":"{\"method\":\"GET\",\"url\":\"/api/user/getbook/66f275f9edd163d2683325d3\",\"status\":\"304\",\"responseTime\":\"65.619\"}","timestamp":"2024-10-10T14:37:20.964Z"}
{"level":"\u001b[32minfo\u001b[39m","message":"{\"method\":\"POST\",\"url\":\"/api/user/userchat/66f275f9edd163d2683325d3\",\"status\":\"500\",\"responseTime\":\"15.515\"}","timestamp":"2024-10-10T14:44:29.152Z"}
{"level":"\u001b[32minfo\u001b[39m","message":"{\"method\":\"POST\",\"url\":\"/api/user/login\",\"status\":\"200\",\"responseTime\":\"109.281\"}","timestamp":"2024-10-10T14:45:03.462Z"}
{"level":"\u001b[32minfo\u001b[39m","message":"{\"method\":\"GET\",\"url\":\"/api/user/getbook/66f275f9edd163d2683325d3\",\"status\":\"304\",\"responseTime\":\"170.915\"}","timestamp":"2024-10-10T14:45:10.071Z"}
{"level":"\u001b[32minfo\u001b[39m","message":"{\"method\":\"POST\",\"url\":\"/api/user/userchat/66f275f9edd163d2683325d3\",\"status\":\"200\",\"responseTime\":\"139.372\"}","timestamp":"2024-10-10T14:45:11.031Z"}
{"level":"\u001b[32minfo\u001b[39m","message":"{\"method\":\"POST\",\"url\":\"/api/user/sendmessages\",\"status\":\"200\",\"responseTime\":\"381.059\"}","timestamp":"2024-10-10T14:45:16.305Z"}
{"level":"\u001b[32minfo\u001b[39m","message":"{\"method\":\"POST\",\"url\":\"/api/user/sendmessages\",\"status\":\"200\",\"responseTime\":\"114.087\"}","timestamp":"2024-10-10T15:07:41.242Z"}
{"level":"\u001b[32minfo\u001b[39m","message":"{\"method\":\"GET\",\"url\":\"/api/user/getbook/66f275f9edd163d2683325d3\",\"status\":\"304\",\"responseTime\":\"166.281\"}","timestamp":"2024-10-10T15:11:20.590Z"}
{"level":"\u001b[32minfo\u001b[39m","message":"{\"method\":\"POST\",\"url\":\"/api/user/userchat/66f275f9edd163d2683325d3\",\"status\":\"200\",\"responseTime\":\"250.202\"}","timestamp":"2024-10-10T15:11:22.666Z"}
{"level":"\u001b[32minfo\u001b[39m","message":"{\"method\":\"GET\",\"url\":\"/api/user/getmessage/6707b5054e8b3fa49ac3e1da\",\"status\":\"200\",\"responseTime\":\"158.545\"}","timestamp":"2024-10-10T15:11:22.847Z"}
{"level":"\u001b[32minfo\u001b[39m","message":"{\"method\":\"POST\",\"url\":\"/api/user/sendmessages\",\"status\":\"200\",\"responseTime\":\"147.882\"}","timestamp":"2024-10-10T15:11:27.615Z"}
{"level":"\u001b[32minfo\u001b[39m","message":"{\"method\":\"POST\",\"url\":\"/api/user/sendmessages\",\"status\":\"200\",\"responseTime\":\"138.707\"}","timestamp":"2024-10-10T15:11:35.259Z"}
{"level":"\u001b[32minfo\u001b[39m","message":"{\"method\":\"POST\",\"url\":\"/api/user/sendmessages\",\"status\":\"200\",\"responseTime\":\"158.178\"}","timestamp":"2024-10-10T15:11:59.391Z"}
{"level":"\u001b[32minfo\u001b[39m","message":"{\"method\":\"POST\",\"url\":\"/api/user/userchat/66f275f9edd163d2683325d3\",\"status\":\"200\",\"responseTime\":\"266.232\"}","timestamp":"2024-10-10T15:13:42.687Z"}
{"level":"\u001b[32minfo\u001b[39m","message":"{\"method\":\"POST\",\"url\":\"/api/user/sendmessages\",\"status\":\"200\",\"responseTime\":\"192.731\"}","timestamp":"2024-10-10T15:13:49.424Z"}
{"level":"\u001b[32minfo\u001b[39m","message":"{\"method\":\"GET\",\"url\":\"/api/user/getbook/66f275f9edd163d2683325d3\",\"status\":\"304\",\"responseTime\":\"63.356\"}","timestamp":"2024-10-10T15:14:07.781Z"}
{"level":"\u001b[32minfo\u001b[39m","message":"{\"method\":\"POST\",\"url\":\"/api/user/userchat/66f275f9edd163d2683325d3\",\"status\":\"200\",\"responseTime\":\"228.969\"}","timestamp":"2024-10-10T15:14:11.991Z"}
{"level":"\u001b[32minfo\u001b[39m","message":"{\"method\":\"GET\",\"url\":\"/api/user/getmessage/6707b5054e8b3fa49ac3e1da\",\"status\":\"200\",\"responseTime\":\"237.305\"}","timestamp":"2024-10-10T15:14:12.245Z"}
{"level":"\u001b[32minfo\u001b[39m","message":"{\"method\":\"POST\",\"url\":\"/api/user/login\",\"status\":\"200\",\"responseTime\":\"112.270\"}","timestamp":"2024-10-10T15:14:45.423Z"}
{"level":"\u001b[32minfo\u001b[39m","message":"{\"method\":\"GET\",\"url\":\"/api/user/getbook/66f275f9edd163d2683325d3\",\"status\":\"304\",\"responseTime\":\"64.796\"}","timestamp":"2024-10-10T15:14:50.413Z"}
{"level":"\u001b[32minfo\u001b[39m","message":"{\"method\":\"POST\",\"url\":\"/api/user/userchat/66f275f9edd163d2683325d3\",\"status\":\"200\",\"responseTime\":\"261.212\"}","timestamp":"2024-10-10T15:14:52.197Z"}
{"level":"\u001b[32minfo\u001b[39m","message":"{\"method\":\"GET\",\"url\":\"/api/user/getmessage/6707b5054e8b3fa49ac3e1da\",\"status\":\"200\",\"responseTime\":\"61.049\"}","timestamp":"2024-10-10T15:14:52.278Z"}
{"level":"\u001b[32minfo\u001b[39m","message":"{\"method\":\"POST\",\"url\":\"/api/user/sendmessages\",\"status\":\"200\",\"responseTime\":\"1346.161\"}","timestamp":"2024-10-10T15:15:54.501Z"}
{"level":"\u001b[32minfo\u001b[39m","message":"{\"method\":\"POST\",\"url\":\"/api/user/userchat/66f275f9edd163d2683325d3\",\"status\":\"200\",\"responseTime\":\"314.154\"}","timestamp":"2024-10-10T15:16:02.132Z"}
{"level":"\u001b[32minfo\u001b[39m","message":"{\"method\":\"POST\",\"url\":\"/api/user/sendmessages\",\"status\":\"200\",\"responseTime\":\"206.862\"}","timestamp":"2024-10-10T15:16:06.999Z"}
{"level":"\u001b[32minfo\u001b[39m","message":"{\"method\":\"GET\",\"url\":\"/api/user/getbook/66f275f9edd163d2683325d3\",\"status\":\"304\",\"responseTime\":\"150.843\"}","timestamp":"2024-10-10T15:16:12.241Z"}
{"level":"\u001b[32minfo\u001b[39m","message":"{\"method\":\"POST\",\"url\":\"/api/user/userchat/66f275f9edd163d2683325d3\",\"status\":\"200\",\"responseTime\":\"112.154\"}","timestamp":"2024-10-10T15:16:13.812Z"}
{"level":"\u001b[32minfo\u001b[39m","message":"{\"method\":\"GET\",\"url\":\"/api/user/getmessage/6707b5054e8b3fa49ac3e1da\",\"status\":\"200\",\"responseTime\":\"55.613\"}","timestamp":"2024-10-10T15:16:13.891Z"}
{"level":"\u001b[32minfo\u001b[39m","message":"{\"method\":\"GET\",\"url\":\"/api/user/getbook/66f275f9edd163d2683325d3\",\"status\":\"304\",\"responseTime\":\"153.393\"}","timestamp":"2024-10-10T15:17:04.303Z"}
{"level":"\u001b[32minfo\u001b[39m","message":"{\"method\":\"POST\",\"url\":\"/api/user/userchat/66f275f9edd163d2683325d3\",\"status\":\"200\",\"responseTime\":\"139.847\"}","timestamp":"2024-10-10T15:17:06.116Z"}
{"level":"\u001b[32minfo\u001b[39m","message":"{\"method\":\"GET\",\"url\":\"/api/user/getmessage/6707b5054e8b3fa49ac3e1da\",\"status\":\"200\",\"responseTime\":\"72.195\"}","timestamp":"2024-10-10T15:17:06.209Z"}
{"level":"\u001b[32minfo\u001b[39m","message":"{\"method\":\"GET\",\"url\":\"/api/user/getbook/66f275f9edd163d2683325d3\",\"status\":\"304\",\"responseTime\":\"257.064\"}","timestamp":"2024-10-10T15:17:45.675Z"}
{"level":"\u001b[32minfo\u001b[39m","message":"{\"method\":\"GET\",\"url\":\"/api/user/getbook/66f275f9edd163d2683325d3\",\"status\":\"304\",\"responseTime\":\"256.288\"}","timestamp":"2024-10-10T15:41:01.136Z"}
{"level":"\u001b[32minfo\u001b[39m","message":"{\"method\":\"GET\",\"url\":\"/api/user/getbook/66f275f9edd163d2683325d3\",\"status\":\"304\",\"responseTime\":\"241.140\"}","timestamp":"2024-10-10T15:41:05.123Z"}
{"level":"\u001b[32minfo\u001b[39m","message":"{\"method\":\"GET\",\"url\":\"/api/user/getbook/66f275f9edd163d2683325d3\",\"status\":\"304\",\"responseTime\":\"290.564\"}","timestamp":"2024-10-10T15:41:09.173Z"}
{"level":"\u001b[32minfo\u001b[39m","message":"{\"method\":\"GET\",\"url\":\"/api/user/getbook/66f275f9edd163d2683325d3\",\"status\":\"304\",\"responseTime\":\"269.296\"}","timestamp":"2024-10-10T15:41:12.142Z"}
{"level":"\u001b[32minfo\u001b[39m","message":"{\"method\":\"GET\",\"url\":\"/api/user/getbook/66f275f9edd163d2683325d3\",\"status\":\"304\",\"responseTime\":\"261.281\"}","timestamp":"2024-10-10T15:41:14.130Z"}
{"level":"\u001b[32minfo\u001b[39m","message":"{\"method\":\"GET\",\"url\":\"/api/user/getbook/66f275f9edd163d2683325d3\",\"status\":\"304\",\"responseTime\":\"1098.064\"}","timestamp":"2024-10-10T15:41:23.964Z"}
{"level":"\u001b[32minfo\u001b[39m","message":"{\"method\":\"POST\",\"url\":\"/api/user/userchat/66f275f9edd163d2683325d3\",\"status\":\"200\",\"responseTime\":\"541.697\"}","timestamp":"2024-10-10T15:41:33.505Z"}
{"level":"\u001b[32minfo\u001b[39m","message":"{\"method\":\"GET\",\"url\":\"/api/user/getmessage/6707b5054e8b3fa49ac3e1da\",\"status\":\"304\",\"responseTime\":\"838.023\"}","timestamp":"2024-10-10T15:41:34.384Z"}
{"level":"\u001b[32minfo\u001b[39m","message":"{\"method\":\"GET\",\"url\":\"/api/user/getbook/66f275f9edd163d2683325d3\",\"status\":\"304\",\"responseTime\":\"3073.299\"}","timestamp":"2024-10-10T15:50:26.944Z"}
{"level":"\u001b[32minfo\u001b[39m","message":"{\"method\":\"POST\",\"url\":\"/api/user/userchat/66f275f9edd163d2683325d3\",\"status\":\"200\",\"responseTime\":\"1037.935\"}","timestamp":"2024-10-10T15:50:36.587Z"}
{"level":"\u001b[32minfo\u001b[39m","message":"{\"method\":\"GET\",\"url\":\"/api/user/getmessage/6707b5054e8b3fa49ac3e1da\",\"status\":\"304\",\"responseTime\":\"428.677\"}","timestamp":"2024-10-10T15:50:37.048Z"}
{"level":"\u001b[32minfo\u001b[39m","message":"{\"method\":\"GET\",\"url\":\"/api/user/getbook/66f275f9edd163d2683325d3\",\"status\":\"304\",\"responseTime\":\"180.061\"}","timestamp":"2024-10-10T15:51:54.081Z"}
{"level":"\u001b[32minfo\u001b[39m","message":"{\"method\":\"POST\",\"url\":\"/api/user/userchat/66f275f9edd163d2683325d3\",\"status\":\"200\",\"responseTime\":\"645.277\"}","timestamp":"2024-10-10T15:51:59.029Z"}
{"level":"\u001b[32minfo\u001b[39m","message":"{\"method\":\"GET\",\"url\":\"/api/user/getmessage/6707b5054e8b3fa49ac3e1da\",\"status\":\"304\",\"responseTime\":\"146.681\"}","timestamp":"2024-10-10T15:51:59.220Z"}
{"level":"\u001b[32minfo\u001b[39m","message":"{\"method\":\"POST\",\"url\":\"/api/user/sendmessages\",\"status\":\"200\",\"responseTime\":\"178.115\"}","timestamp":"2024-10-10T15:52:03.324Z"}
{"level":"\u001b[32minfo\u001b[39m","message":"{\"method\":\"POST\",\"url\":\"/api/user/userchat/66f275f9edd163d2683325d3\",\"status\":\"200\",\"responseTime\":\"622.425\"}","timestamp":"2024-10-10T15:55:36.292Z"}
{"level":"\u001b[32minfo\u001b[39m","message":"{\"method\":\"POST\",\"url\":\"/api/user/sendmessages\",\"status\":\"200\",\"responseTime\":\"83.522\"}","timestamp":"2024-10-10T15:55:44.937Z"}
{"level":"\u001b[32minfo\u001b[39m","message":"{\"method\":\"GET\",\"url\":\"/api/user/getbook/66f275f9edd163d2683325d3\",\"status\":\"304\",\"responseTime\":\"433.705\"}","timestamp":"2024-10-10T15:59:04.545Z"}
{"level":"\u001b[32minfo\u001b[39m","message":"{\"method\":\"POST\",\"url\":\"/api/user/userchat/66f275f9edd163d2683325d3\",\"status\":\"200\",\"responseTime\":\"145.768\"}","timestamp":"2024-10-10T15:59:05.898Z"}
{"level":"\u001b[32minfo\u001b[39m","message":"{\"method\":\"GET\",\"url\":\"/api/user/getmessage/6707b5054e8b3fa49ac3e1da\",\"status\":\"200\",\"responseTime\":\"95.384\"}","timestamp":"2024-10-10T15:59:06.023Z"}
{"level":"\u001b[32minfo\u001b[39m","message":"{\"method\":\"POST\",\"url\":\"/api/user/userchat/66f275f9edd163d2683325d3\",\"status\":\"200\",\"responseTime\":\"339.425\"}","timestamp":"2024-10-10T16:01:48.525Z"}
{"level":"\u001b[32minfo\u001b[39m","message":"{\"method\":\"POST\",\"url\":\"/api/user/sendmessages\",\"status\":\"200\",\"responseTime\":\"168.325\"}","timestamp":"2024-10-10T16:01:55.006Z"}
{"level":"\u001b[32minfo\u001b[39m","message":"{\"method\":\"POST\",\"url\":\"/api/user/sendmessages\",\"status\":\"200\",\"responseTime\":\"111.603\"}","timestamp":"2024-10-10T16:02:10.605Z"}
{"level":"\u001b[32minfo\u001b[39m","message":"{\"method\":\"POST\",\"url\":\"/api/user/sendmessages\",\"status\":\"500\",\"responseTime\":\"15.454\"}","timestamp":"2024-10-10T16:16:05.290Z"}
{"level":"\u001b[32minfo\u001b[39m","message":"{\"method\":\"POST\",\"url\":\"/api/user/login\",\"status\":\"200\",\"responseTime\":\"96.788\"}","timestamp":"2024-10-10T16:17:12.557Z"}
{"level":"\u001b[32minfo\u001b[39m","message":"{\"method\":\"GET\",\"url\":\"/api/user/getbook/66f275f9edd163d2683325d3\",\"status\":\"304\",\"responseTime\":\"62.293\"}","timestamp":"2024-10-10T16:17:18.610Z"}
{"level":"\u001b[32minfo\u001b[39m","message":"{\"method\":\"POST\",\"url\":\"/api/user/userchat/66f275f9edd163d2683325d3\",\"status\":\"200\",\"responseTime\":\"123.135\"}","timestamp":"2024-10-10T16:17:20.991Z"}
{"level":"\u001b[32minfo\u001b[39m","message":"{\"method\":\"GET\",\"url\":\"/api/user/getmessage/6707b5054e8b3fa49ac3e1da\",\"status\":\"200\",\"responseTime\":\"79.863\"}","timestamp":"2024-10-10T16:17:21.096Z"}
{"level":"\u001b[32minfo\u001b[39m","message":"{\"method\":\"POST\",\"url\":\"/api/user/sendmessages\",\"status\":\"200\",\"responseTime\":\"76.606\"}","timestamp":"2024-10-10T16:17:26.529Z"}
{"level":"\u001b[32minfo\u001b[39m","message":"{\"method\":\"POST\",\"url\":\"/api/user/sendmessages\",\"status\":\"200\",\"responseTime\":\"73.101\"}","timestamp":"2024-10-10T16:17:46.949Z"}
{"level":"\u001b[32minfo\u001b[39m","message":"{\"method\":\"POST\",\"url\":\"/api/user/userchat/66f275f9edd163d2683325d3\",\"status\":\"200\",\"responseTime\":\"407.837\"}","timestamp":"2024-10-10T16:22:35.547Z"}
{"level":"\u001b[32minfo\u001b[39m","message":"{\"method\":\"POST\",\"url\":\"/api/user/userchat/66f275f9edd163d2683325d3\",\"status\":\"200\",\"responseTime\":\"128.941\"}","timestamp":"2024-10-10T16:30:18.180Z"}
{"level":"\u001b[32minfo\u001b[39m","message":"{\"method\":\"POST\",\"url\":\"/api/user/sendmessages\",\"status\":\"200\",\"responseTime\":\"124.507\"}","timestamp":"2024-10-10T16:30:37.407Z"}
{"level":"\u001b[32minfo\u001b[39m","message":"{\"method\":\"GET\",\"url\":\"/api/user/getbook/66f275f9edd163d2683325d3\",\"status\":\"304\",\"responseTime\":\"69.738\"}","timestamp":"2024-10-10T16:30:46.828Z"}
{"level":"\u001b[32minfo\u001b[39m","message":"{\"method\":\"POST\",\"url\":\"/api/user/userchat/66f275f9edd163d2683325d3\",\"status\":\"200\",\"responseTime\":\"131.366\"}","timestamp":"2024-10-10T16:30:53.606Z"}
{"level":"\u001b[32minfo\u001b[39m","message":"{\"method\":\"GET\",\"url\":\"/api/user/getmessage/6707b5054e8b3fa49ac3e1da\",\"status\":\"200\",\"responseTime\":\"51.939\"}","timestamp":"2024-10-10T16:30:53.675Z"}
{"level":"\u001b[32minfo\u001b[39m","message":"{\"method\":\"GET\",\"url\":\"/api/user/getbook/66f275f9edd163d2683325d3\",\"status\":\"304\",\"responseTime\":\"651.180\"}","timestamp":"2024-10-10T17:48:25.025Z"}
{"level":"\u001b[32minfo\u001b[39m","message":"{\"method\":\"POST\",\"url\":\"/api/user/login\",\"status\":\"200\",\"responseTime\":\"188.179\"}","timestamp":"2024-10-10T17:48:58.540Z"}
{"level":"\u001b[32minfo\u001b[39m","message":"{\"method\":\"GET\",\"url\":\"/api/user/getbook/66f275f9edd163d2683325d3\",\"status\":\"304\",\"responseTime\":\"209.512\"}","timestamp":"2024-10-10T17:49:06.192Z"}
{"level":"\u001b[32minfo\u001b[39m","message":"{\"method\":\"POST\",\"url\":\"/api/user/userchat/66f275f9edd163d2683325d3\",\"status\":\"200\",\"responseTime\":\"418.198\"}","timestamp":"2024-10-10T17:49:09.061Z"}
{"level":"\u001b[32minfo\u001b[39m","message":"{\"method\":\"GET\",\"url\":\"/api/user/getmessage/6707b5054e8b3fa49ac3e1da\",\"status\":\"304\",\"responseTime\":\"159.335\"}","timestamp":"2024-10-10T17:49:09.268Z"}
{"level":"\u001b[32minfo\u001b[39m","message":"{\"method\":\"GET\",\"url\":\"/api/admin/get_user\",\"status\":\"401\",\"responseTime\":\"3.428\"}","timestamp":"2024-10-10T17:49:53.940Z"}
{"level":"\u001b[32minfo\u001b[39m","message":"{\"method\":\"POST\",\"url\":\"/api/admin/refresh-token\",\"status\":\"200\",\"responseTime\":\"6.216\"}","timestamp":"2024-10-10T17:49:53.969Z"}
{"level":"\u001b[32minfo\u001b[39m","message":"{\"method\":\"GET\",\"url\":\"/api/admin/get_user\",\"status\":\"304\",\"responseTime\":\"259.165\"}","timestamp":"2024-10-10T17:49:54.238Z"}
{"level":"\u001b[32minfo\u001b[39m","message":"{\"method\":\"GET\",\"url\":\"/api/admin/get_user\",\"status\":\"401\",\"responseTime\":\"0.586\"}","timestamp":"2024-10-10T18:00:19.334Z"}
{"level":"\u001b[32minfo\u001b[39m","message":"{\"method\":\"POST\",\"url\":\"/api/admin/refresh-token\",\"status\":\"200\",\"responseTime\":\"7.482\"}","timestamp":"2024-10-10T18:00:19.353Z"}
{"level":"\u001b[32minfo\u001b[39m","message":"{\"method\":\"GET\",\"url\":\"/api/admin/get_user\",\"status\":\"304\",\"responseTime\":\"287.135\"}","timestamp":"2024-10-10T18:00:19.650Z"}
{"level":"\u001b[32minfo\u001b[39m","message":"{\"method\":\"GET\",\"url\":\"/api/admin/get_user\",\"status\":\"304\",\"responseTime\":\"201.411\"}","timestamp":"2024-10-10T18:00:21.528Z"}
{"level":"\u001b[32minfo\u001b[39m","message":"{\"method\":\"GET\",\"url\":\"/api/admin/get_user\",\"status\":\"304\",\"responseTime\":\"241.989\"}","timestamp":"2024-10-10T18:00:26.599Z"}
{"level":"\u001b[32minfo\u001b[39m","message":"{\"method\":\"GET\",\"url\":\"/api/admin/get_user\",\"status\":\"304\",\"responseTime\":\"179.261\"}","timestamp":"2024-10-10T18:00:38.516Z"}
{"level":"\u001b[32minfo\u001b[39m","message":"{\"method\":\"GET\",\"url\":\"/api/admin/get_user\",\"status\":\"304\",\"responseTime\":\"199.634\"}","timestamp":"2024-10-10T18:00:40.529Z"}
{"level":"\u001b[32minfo\u001b[39m","message":"{\"method\":\"GET\",\"url\":\"/api/admin/get_user\",\"status\":\"304\",\"responseTime\":\"209.540\"}","timestamp":"2024-10-10T18:00:42.537Z"}
{"level":"\u001b[32minfo\u001b[39m","message":"{\"method\":\"GET\",\"url\":\"/api/admin/get_user\",\"status\":\"304\",\"responseTime\":\"260.234\"}","timestamp":"2024-10-10T18:00:48.599Z"}
{"level":"\u001b[32minfo\u001b[39m","message":"{\"method\":\"GET\",\"url\":\"/api/admin/get_user\",\"status\":\"304\",\"responseTime\":\"278.173\"}","timestamp":"2024-10-10T18:00:55.635Z"}
{"level":"\u001b[32minfo\u001b[39m","message":"{\"method\":\"GET\",\"url\":\"/api/admin/get_user\",\"status\":\"304\",\"responseTime\":\"261.722\"}","timestamp":"2024-10-10T18:01:06.635Z"}
{"level":"\u001b[32minfo\u001b[39m","message":"{\"method\":\"GET\",\"url\":\"/api/admin/get_user\",\"status\":\"304\",\"responseTime\":\"200.794\"}","timestamp":"2024-10-10T18:01:10.547Z"}
{"level":"\u001b[32minfo\u001b[39m","message":"{\"method\":\"GET\",\"url\":\"/api/admin/get_user\",\"status\":\"304\",\"responseTime\":\"282.667\"}","timestamp":"2024-10-10T18:01:37.636Z"}
{"level":"\u001b[32minfo\u001b[39m","message":"{\"method\":\"GET\",\"url\":\"/api/admin/get_user\",\"status\":\"304\",\"responseTime\":\"174.032\"}","timestamp":"2024-10-10T18:01:41.514Z"}
{"level":"\u001b[32minfo\u001b[39m","message":"{\"method\":\"GET\",\"url\":\"/api/admin/get_user\",\"status\":\"304\",\"responseTime\":\"248.137\"}","timestamp":"2024-10-10T18:02:09.578Z"}
{"level":"\u001b[32minfo\u001b[39m","message":"{\"method\":\"GET\",\"url\":\"/api/admin/get_user\",\"status\":\"401\",\"responseTime\":\"0.573\"}","timestamp":"2024-10-10T18:10:23.342Z"}
{"level":"\u001b[32minfo\u001b[39m","message":"{\"method\":\"POST\",\"url\":\"/api/admin/refresh-token\",\"status\":\"200\",\"responseTime\":\"6.518\"}","timestamp":"2024-10-10T18:10:23.370Z"}
{"level":"\u001b[32minfo\u001b[39m","message":"{\"method\":\"GET\",\"url\":\"/api/admin/get_user\",\"status\":\"304\",\"responseTime\":\"205.051\"}","timestamp":"2024-10-10T18:10:23.585Z"}
{"level":"\u001b[32minfo\u001b[39m","message":"{\"method\":\"GET\",\"url\":\"/api/admin/get_user\",\"status\":\"304\",\"responseTime\":\"187.581\"}","timestamp":"2024-10-10T18:10:25.526Z"}
{"level":"\u001b[32minfo\u001b[39m","message":"{\"method\":\"GET\",\"url\":\"/api/admin/get_user\",\"status\":\"304\",\"responseTime\":\"231.362\"}","timestamp":"2024-10-10T18:10:27.564Z"}
{"level":"\u001b[32minfo\u001b[39m","message":"{\"method\":\"GET\",\"url\":\"/api/admin/get_user\",\"status\":\"304\",\"responseTime\":\"210.959\"}","timestamp":"2024-10-10T18:10:30.555Z"}
{"level":"\u001b[32minfo\u001b[39m","message":"{\"method\":\"GET\",\"url\":\"/api/admin/get_user\",\"status\":\"304\",\"responseTime\":\"202.062\"}","timestamp":"2024-10-10T18:10:31.532Z"}
{"level":"\u001b[32minfo\u001b[39m","message":"{\"method\":\"GET\",\"url\":\"/api/admin/get_user\",\"status\":\"304\",\"responseTime\":\"196.388\"}","timestamp":"2024-10-10T18:10:46.611Z"}
{"level":"\u001b[32minfo\u001b[39m","message":"{\"method\":\"GET\",\"url\":\"/api/admin/get_user\",\"status\":\"304\",\"responseTime\":\"218.027\"}","timestamp":"2024-10-10T18:11:13.584Z"}
{"level":"\u001b[32minfo\u001b[39m","message":"{\"method\":\"GET\",\"url\":\"/api/admin/get_user\",\"status\":\"304\",\"responseTime\":\"257.503\"}","timestamp":"2024-10-10T18:11:16.607Z"}
{"level":"\u001b[32minfo\u001b[39m","message":"{\"method\":\"GET\",\"url\":\"/api/admin/get_user\",\"status\":\"304\",\"responseTime\":\"189.342\"}","timestamp":"2024-10-10T18:11:30.595Z"}
{"level":"\u001b[32minfo\u001b[39m","message":"{\"method\":\"GET\",\"url\":\"/api/admin/get_user\",\"status\":\"304\",\"responseTime\":\"237.629\"}","timestamp":"2024-10-10T18:12:05.589Z"}
{"level":"\u001b[32minfo\u001b[39m","message":"{\"method\":\"GET\",\"url\":\"/api/admin/get_user\",\"status\":\"304\",\"responseTime\":\"191.756\"}","timestamp":"2024-10-10T18:12:20.546Z"}
{"level":"\u001b[32minfo\u001b[39m","message":"{\"method\":\"GET\",\"url\":\"/api/admin/get_user\",\"status\":\"304\",\"responseTime\":\"204.425\"}","timestamp":"2024-10-10T18:12:21.613Z"}
{"level":"\u001b[32minfo\u001b[39m","message":"{\"method\":\"GET\",\"url\":\"/api/admin/get_user\",\"status\":\"304\",\"responseTime\":\"216.980\"}","timestamp":"2024-10-10T18:13:00.630Z"}
{"level":"\u001b[32minfo\u001b[39m","message":"{\"method\":\"GET\",\"url\":\"/api/admin/get_user\",\"status\":\"304\",\"responseTime\":\"207.283\"}","timestamp":"2024-10-10T18:13:03.592Z"}
{"level":"\u001b[32minfo\u001b[39m","message":"{\"method\":\"GET\",\"url\":\"/api/admin/get_user\",\"status\":\"304\",\"responseTime\":\"190.665\"}","timestamp":"2024-10-10T18:13:16.548Z"}
{"level":"\u001b[32minfo\u001b[39m","message":"{\"method\":\"GET\",\"url\":\"/api/admin/get_user\",\"status\":\"304\",\"responseTime\":\"177.431\"}","timestamp":"2024-10-10T18:13:19.516Z"}
{"level":"\u001b[32minfo\u001b[39m","message":"{\"method\":\"GET\",\"url\":\"/api/admin/get_user\",\"status\":\"304\",\"responseTime\":\"257.859\"}","timestamp":"2024-10-10T18:13:20.635Z"}
{"level":"\u001b[32minfo\u001b[39m","message":"{\"method\":\"GET\",\"url\":\"/api/admin/get_user\",\"status\":\"304\",\"responseTime\":\"228.529\"}","timestamp":"2024-10-10T18:13:23.583Z"}
{"level":"\u001b[32minfo\u001b[39m","message":"{\"method\":\"GET\",\"url\":\"/api/admin/get_user\",\"status\":\"304\",\"responseTime\":\"253.418\"}","timestamp":"2024-10-10T18:13:25.607Z"}
{"level":"\u001b[32minfo\u001b[39m","message":"{\"method\":\"GET\",\"url\":\"/api/admin/get_user\",\"status\":\"304\",\"responseTime\":\"221.632\"}","timestamp":"2024-10-10T18:13:41.634Z"}
{"level":"\u001b[32minfo\u001b[39m","message":"{\"method\":\"GET\",\"url\":\"/api/admin/get_user\",\"status\":\"304\",\"responseTime\":\"254.013\"}","timestamp":"2024-10-10T18:13:51.688Z"}
{"level":"\u001b[32minfo\u001b[39m","message":"{\"method\":\"GET\",\"url\":\"/api/admin/get_user\",\"status\":\"304\",\"responseTime\":\"203.208\"}","timestamp":"2024-10-10T18:13:59.582Z"}
{"level":"\u001b[32minfo\u001b[39m","message":"{\"method\":\"GET\",\"url\":\"/api/admin/get_user\",\"status\":\"304\",\"responseTime\":\"245.992\"}","timestamp":"2024-10-10T18:14:00.607Z"}
{"level":"\u001b[32minfo\u001b[39m","message":"{\"method\":\"GET\",\"url\":\"/api/admin/get_user\",\"status\":\"304\",\"responseTime\":\"228.012\"}","timestamp":"2024-10-10T18:14:02.613Z"}
{"level":"\u001b[32minfo\u001b[39m","message":"{\"method\":\"GET\",\"url\":\"/api/user/getbook/66f275f9edd163d2683325d3\",\"status\":\"304\",\"responseTime\":\"181.189\"}","timestamp":"2024-10-10T18:15:28.493Z"}
{"level":"\u001b[32minfo\u001b[39m","message":"{\"method\":\"GET\",\"url\":\"/api/admin/get_user\",\"status\":\"401\",\"responseTime\":\"0.406\"}","timestamp":"2024-10-10T18:15:28.757Z"}
{"level":"\u001b[32minfo\u001b[39m","message":"{\"method\":\"POST\",\"url\":\"/api/admin/refresh-token\",\"status\":\"200\",\"responseTime\":\"5.359\"}","timestamp":"2024-10-10T18:15:28.838Z"}
{"level":"\u001b[32minfo\u001b[39m","message":"{\"method\":\"GET\",\"url\":\"/api/admin/get_user\",\"status\":\"304\",\"responseTime\":\"192.359\"}","timestamp":"2024-10-10T18:15:29.087Z"}
{"level":"\u001b[32minfo\u001b[39m","message":"{\"method\":\"GET\",\"url\":\"/api/user/getbook/66f275f9edd163d2683325d3\",\"status\":\"304\",\"responseTime\":\"226.047\"}","timestamp":"2024-10-10T18:15:37.731Z"}
{"level":"\u001b[32minfo\u001b[39m","message":"{\"method\":\"GET\",\"url\":\"/api/admin/get_user\",\"status\":\"304\",\"responseTime\":\"192.430\"}","timestamp":"2024-10-10T18:15:38.588Z"}
{"level":"\u001b[32minfo\u001b[39m","message":"{\"method\":\"GET\",\"url\":\"/api/user/getbook/66f275f9edd163d2683325d3\",\"status\":\"304\",\"responseTime\":\"213.247\"}","timestamp":"2024-10-10T18:15:42.447Z"}
{"level":"\u001b[32minfo\u001b[39m","message":"{\"method\":\"GET\",\"url\":\"/api/admin/get_user\",\"status\":\"304\",\"responseTime\":\"242.226\"}","timestamp":"2024-10-10T18:15:43.201Z"}
{"level":"\u001b[32minfo\u001b[39m","message":"{\"method\":\"GET\",\"url\":\"/api/user/getbook/66f275f9edd163d2683325d3\",\"status\":\"304\",\"responseTime\":\"227.843\"}","timestamp":"2024-10-10T18:15:45.125Z"}
{"level":"\u001b[32minfo\u001b[39m","message":"{\"method\":\"GET\",\"url\":\"/api/admin/get_user\",\"status\":\"304\",\"responseTime\":\"193.995\"}","timestamp":"2024-10-10T18:15:46.374Z"}
{"level":"\u001b[32minfo\u001b[39m","message":"{\"method\":\"GET\",\"url\":\"/api/user/getbook/66f275f9edd163d2683325d3\",\"status\":\"304\",\"responseTime\":\"223.483\"}","timestamp":"2024-10-10T18:15:49.672Z"}
{"level":"\u001b[32minfo\u001b[39m","message":"{\"method\":\"GET\",\"url\":\"/api/user/getbook/66f275f9edd163d2683325d3\",\"status\":\"304\",\"responseTime\":\"227.540\"}","timestamp":"2024-10-10T18:15:50.831Z"}
{"level":"\u001b[32minfo\u001b[39m","message":"{\"method\":\"GET\",\"url\":\"/api/admin/get_user\",\"status\":\"304\",\"responseTime\":\"196.201\"}","timestamp":"2024-10-10T18:15:51.676Z"}
{"level":"\u001b[32minfo\u001b[39m","message":"{\"method\":\"GET\",\"url\":\"/api/user/getbook/66f275f9edd163d2683325d3\",\"status\":\"304\",\"responseTime\":\"286.794\"}","timestamp":"2024-10-10T18:15:55.581Z"}
{"level":"\u001b[32minfo\u001b[39m","message":"{\"method\":\"GET\",\"url\":\"/api/user/getbook/66f275f9edd163d2683325d3\",\"status\":\"304\",\"responseTime\":\"167.773\"}","timestamp":"2024-10-10T18:15:57.274Z"}
{"level":"\u001b[32minfo\u001b[39m","message":"{\"method\":\"GET\",\"url\":\"/api/admin/get_user\",\"status\":\"304\",\"responseTime\":\"167.845\"}","timestamp":"2024-10-10T18:15:57.419Z"}
{"level":"\u001b[32minfo\u001b[39m","message":"{\"method\":\"GET\",\"url\":\"/api/user/getbook/66f275f9edd163d2683325d3\",\"status\":\"304\",\"responseTime\":\"151.673\"}","timestamp":"2024-10-10T18:16:51.840Z"}
{"level":"\u001b[32minfo\u001b[39m","message":"{\"method\":\"GET\",\"url\":\"/api/user/getbook/66f275f9edd163d2683325d3\",\"status\":\"304\",\"responseTime\":\"222.892\"}","timestamp":"2024-10-10T18:16:53.602Z"}
{"level":"\u001b[32minfo\u001b[39m","message":"{\"method\":\"GET\",\"url\":\"/api/user/getbook/66f275f9edd163d2683325d3\",\"status\":\"304\",\"responseTime\":\"166.995\"}","timestamp":"2024-10-10T18:16:57.822Z"}
{"level":"\u001b[32minfo\u001b[39m","message":"{\"method\":\"GET\",\"url\":\"/api/user/getbook/66f275f9edd163d2683325d3\",\"status\":\"304\",\"responseTime\":\"139.763\"}","timestamp":"2024-10-10T18:17:03.198Z"}
{"level":"\u001b[32minfo\u001b[39m","message":"{\"method\":\"GET\",\"url\":\"/api/user/getbook/66f275f9edd163d2683325d3\",\"status\":\"304\",\"responseTime\":\"189.884\"}","timestamp":"2024-10-10T18:17:05.313Z"}
{"level":"\u001b[32minfo\u001b[39m","message":"{\"method\":\"GET\",\"url\":\"/api/admin/getcustomer\",\"status\":\"404\",\"responseTime\":\"2.336\"}","timestamp":"2024-10-10T18:18:13.335Z"}
{"level":"\u001b[32minfo\u001b[39m","message":"{\"method\":\"GET\",\"url\":\"/api/admin/admingetorders\",\"status\":\"200\",\"responseTime\":\"354.832\"}","timestamp":"2024-10-10T18:18:49.743Z"}
{"level":"\u001b[32minfo\u001b[39m","message":"{\"method\":\"GET\",\"url\":\"/api/admin/getcustomer\",\"status\":\"404\",\"responseTime\":\"0.614\"}","timestamp":"2024-10-10T18:18:51.531Z"}
{"level":"\u001b[32minfo\u001b[39m","message":"{\"method\":\"GET\",\"url\":\"/api/admin/getcustomer\",\"status\":\"200\",\"responseTime\":\"259.830\"}","timestamp":"2024-10-10T19:14:22.592Z"}
{"level":"\u001b[32minfo\u001b[39m","message":"{\"method\":\"GET\",\"url\":\"/api/admin/getcustomer\",\"status\":\"304\",\"responseTime\":\"268.013\"}","timestamp":"2024-10-10T19:14:36.591Z"}
{"level":"\u001b[32minfo\u001b[39m","message":"{\"method\":\"GET\",\"url\":\"/api/admin/getcustomer\",\"status\":\"304\",\"responseTime\":\"177.724\"}","timestamp":"2024-10-10T19:14:45.120Z"}
{"level":"\u001b[32minfo\u001b[39m","message":"{\"method\":\"GET\",\"url\":\"/api/admin/getcustomer\",\"status\":\"304\",\"responseTime\":\"1467.689\"}","timestamp":"2024-10-10T19:17:23.805Z"}
{"level":"\u001b[32minfo\u001b[39m","message":"{\"method\":\"GET\",\"url\":\"/api/user/getbook/66f275f9edd163d2683325d3\",\"status\":\"304\",\"responseTime\":\"220.001\"}","timestamp":"2024-10-10T19:44:27.614Z"}
{"level":"\u001b[32minfo\u001b[39m","message":"{\"method\":\"GET\",\"url\":\"/api/admin/getcustomer\",\"status\":\"304\",\"responseTime\":\"194.017\"}","timestamp":"2024-10-10T20:33:33.532Z"}
{"level":"\u001b[32minfo\u001b[39m","message":"{\"method\":\"GET\",\"url\":\"/api/admin/getcustomer\",\"status\":\"304\",\"responseTime\":\"233.254\"}","timestamp":"2024-10-10T20:51:11.559Z"}
{"level":"\u001b[32minfo\u001b[39m","message":"{\"method\":\"GET\",\"url\":\"/api/admin/getcustomer\",\"status\":\"304\",\"responseTime\":\"264.915\"}","timestamp":"2024-10-10T20:51:18.587Z"}
{"level":"\u001b[32minfo\u001b[39m","message":"{\"method\":\"GET\",\"url\":\"/api/admin/getcustomer\",\"status\":\"304\",\"responseTime\":\"207.769\"}","timestamp":"2024-10-10T20:51:37.530Z"}
{"level":"\u001b[32minfo\u001b[39m","message":"{\"method\":\"GET\",\"url\":\"/api/admin/getcustomer\",\"status\":\"304\",\"responseTime\":\"283.345\"}","timestamp":"2024-10-10T20:51:41.594Z"}
{"level":"\u001b[32minfo\u001b[39m","message":"{\"method\":\"GET\",\"url\":\"/api/admin/getcustomer\",\"status\":\"304\",\"responseTime\":\"224.997\"}","timestamp":"2024-10-10T20:51:44.539Z"}
{"level":"\u001b[32minfo\u001b[39m","message":"{\"method\":\"GET\",\"url\":\"/api/admin/getcustomer\",\"status\":\"304\",\"responseTime\":\"174.277\"}","timestamp":"2024-10-10T20:51:48.490Z"}
{"level":"\u001b[32minfo\u001b[39m","message":"{\"method\":\"GET\",\"url\":\"/api/admin/getcustomer\",\"status\":\"304\",\"responseTime\":\"227.338\"}","timestamp":"2024-10-10T20:51:50.544Z"}
{"level":"\u001b[32minfo\u001b[39m","message":"{\"method\":\"GET\",\"url\":\"/api/admin/getmessages/6707b5054e8b3fa49ac3e1da\",\"status\":\"401\",\"responseTime\":\"1.438\"}","timestamp":"2024-10-10T20:54:36.424Z"}
{"level":"\u001b[32minfo\u001b[39m","message":"{\"method\":\"POST\",\"url\":\"/api/admin/refresh-token\",\"status\":\"200\",\"responseTime\":\"7.149\"}","timestamp":"2024-10-10T20:54:36.442Z"}
{"level":"\u001b[32minfo\u001b[39m","message":"{\"method\":\"GET\",\"url\":\"/api/admin/getmessages/6707b5054e8b3fa49ac3e1da\",\"status\":\"200\",\"responseTime\":\"358.130\"}","timestamp":"2024-10-10T20:54:36.806Z"}
{"level":"\u001b[32minfo\u001b[39m","message":"{\"method\":\"POST\",\"url\":\"/api/admin/sendmessage\",\"status\":\"500\",\"responseTime\":\"128.788\"}","timestamp":"2024-10-10T20:54:44.806Z"}
{"level":"\u001b[32minfo\u001b[39m","message":"{\"method\":\"GET\",\"url\":\"/api/admin/getmessages/6707b5054e8b3fa49ac3e1da\",\"status\":\"304\",\"responseTime\":\"377.561\"}","timestamp":"2024-10-10T20:54:45.190Z"}
{"level":"\u001b[32minfo\u001b[39m","message":"{\"method\":\"POST\",\"url\":\"/api/admin/sendmessage\",\"status\":\"500\",\"responseTime\":\"87.314\"}","timestamp":"2024-10-10T20:54:51.840Z"}
{"level":"\u001b[32minfo\u001b[39m","message":"{\"method\":\"GET\",\"url\":\"/api/admin/getmessages/6707b5054e8b3fa49ac3e1da\",\"status\":\"304\",\"responseTime\":\"288.059\"}","timestamp":"2024-10-10T20:54:52.136Z"}
{"level":"\u001b[32minfo\u001b[39m","message":"{\"method\":\"GET\",\"url\":\"/api/admin/getcustomer\",\"status\":\"304\",\"responseTime\":\"171.931\"}","timestamp":"2024-10-10T20:55:04.259Z"}
{"level":"\u001b[32minfo\u001b[39m","message":"{\"method\":\"GET\",\"url\":\"/api/admin/getmessages/6707b5054e8b3fa49ac3e1da\",\"status\":\"304\",\"responseTime\":\"326.786\"}","timestamp":"2024-10-10T20:55:05.989Z"}
{"level":"\u001b[32minfo\u001b[39m","message":"{\"method\":\"POST\",\"url\":\"/api/admin/sendmessage\",\"status\":\"500\",\"responseTime\":\"118.799\"}","timestamp":"2024-10-10T20:55:28.739Z"}
{"level":"\u001b[32minfo\u001b[39m","message":"{\"method\":\"GET\",\"url\":\"/api/admin/getmessages/6707b5054e8b3fa49ac3e1da\",\"status\":\"304\",\"responseTime\":\"316.884\"}","timestamp":"2024-10-10T20:55:29.064Z"}
{"level":"\u001b[32minfo\u001b[39m","message":"{\"method\":\"GET\",\"url\":\"/api/admin/getcustomer\",\"status\":\"304\",\"responseTime\":\"371.129\"}","timestamp":"2024-10-10T21:06:16.429Z"}
{"level":"\u001b[32minfo\u001b[39m","message":"{\"method\":\"GET\",\"url\":\"/api/admin/getmessages/6707b5054e8b3fa49ac3e1da\",\"status\":\"401\",\"responseTime\":\"3.879\"}","timestamp":"2024-10-10T21:08:44.857Z"}
{"level":"\u001b[32minfo\u001b[39m","message":"{\"method\":\"POST\",\"url\":\"/api/admin/refresh-token\",\"status\":\"200\",\"responseTime\":\"7.439\"}","timestamp":"2024-10-10T21:08:44.871Z"}
{"level":"\u001b[32minfo\u001b[39m","message":"{\"method\":\"GET\",\"url\":\"/api/admin/getmessages/6707b5054e8b3fa49ac3e1da\",\"status\":\"304\",\"responseTime\":\"383.272\"}","timestamp":"2024-10-10T21:08:45.260Z"}
{"level":"\u001b[32minfo\u001b[39m","message":"{\"method\":\"POST\",\"url\":\"/api/admin/sendmessage\",\"status\":\"500\",\"responseTime\":\"103.647\"}","timestamp":"2024-10-10T21:08:49.726Z"}
{"level":"\u001b[32minfo\u001b[39m","message":"{\"method\":\"GET\",\"url\":\"/api/admin/getmessages/6707b5054e8b3fa49ac3e1da\",\"status\":\"304\",\"responseTime\":\"355.125\"}","timestamp":"2024-10-10T21:08:50.086Z"}
{"level":"\u001b[32minfo\u001b[39m","message":"{\"method\":\"POST\",\"url\":\"/api/admin/sendmessage\",\"status\":\"500\",\"responseTime\":\"77.245\"}","timestamp":"2024-10-10T21:09:43.673Z"}
{"level":"\u001b[32minfo\u001b[39m","message":"{\"method\":\"GET\",\"url\":\"/api/admin/getmessages/6707b5054e8b3fa49ac3e1da\",\"status\":\"304\",\"responseTime\":\"293.167\"}","timestamp":"2024-10-10T21:09:43.978Z"}
{"level":"\u001b[32minfo\u001b[39m","message":"{\"method\":\"POST\",\"url\":\"/api/admin/sendmessage\",\"status\":\"500\",\"responseTime\":\"129.327\"}","timestamp":"2024-10-10T21:10:38.555Z"}
{"level":"\u001b[32minfo\u001b[39m","message":"{\"method\":\"GET\",\"url\":\"/api/admin/getmessages/6707b5054e8b3fa49ac3e1da\",\"status\":\"304\",\"responseTime\":\"305.377\"}","timestamp":"2024-10-10T21:10:38.869Z"}
{"level":"\u001b[32minfo\u001b[39m","message":"{\"method\":\"POST\",\"url\":\"/api/admin/sendmessage\",\"status\":\"500\",\"responseTime\":\"216.018\"}","timestamp":"2024-10-10T21:11:24.295Z"}
{"level":"\u001b[32minfo\u001b[39m","message":"{\"method\":\"GET\",\"url\":\"/api/admin/getmessages/6707b5054e8b3fa49ac3e1da\",\"status\":\"304\",\"responseTime\":\"389.148\"}","timestamp":"2024-10-10T21:11:24.697Z"}
{"level":"\u001b[32minfo\u001b[39m","message":"{\"method\":\"GET\",\"url\":\"/api/user/getbook/66f275f9edd163d2683325d3\",\"status\":\"304\",\"responseTime\":\"558.676\"}","timestamp":"2024-10-11T03:16:10.560Z"}
{"level":"\u001b[32minfo\u001b[39m","message":"{\"method\":\"GET\",\"url\":\"/api/admin/get_user\",\"status\":\"401\",\"responseTime\":\"3.274\"}","timestamp":"2024-10-11T03:23:15.509Z"}
{"level":"\u001b[32minfo\u001b[39m","message":"{\"method\":\"POST\",\"url\":\"/api/admin/refresh-token\",\"status\":\"200\",\"responseTime\":\"12.126\"}","timestamp":"2024-10-11T03:23:15.531Z"}
{"level":"\u001b[32minfo\u001b[39m","message":"{\"method\":\"GET\",\"url\":\"/api/admin/get_user\",\"status\":\"304\",\"responseTime\":\"215.108\"}","timestamp":"2024-10-11T03:23:15.753Z"}
{"level":"\u001b[32minfo\u001b[39m","message":"{\"method\":\"GET\",\"url\":\"/api/admin/getcustomer\",\"status\":\"304\",\"responseTime\":\"439.402\"}","timestamp":"2024-10-11T03:23:17.941Z"}
{"level":"\u001b[32minfo\u001b[39m","message":"{\"method\":\"GET\",\"url\":\"/api/admin/getmessages/6707b5054e8b3fa49ac3e1da\",\"status\":\"304\",\"responseTime\":\"665.991\"}","timestamp":"2024-10-11T03:23:20.765Z"}
{"level":"\u001b[32minfo\u001b[39m","message":"{\"method\":\"POST\",\"url\":\"/api/admin/sendmessage\",\"status\":\"500\",\"responseTime\":\"271.343\"}","timestamp":"2024-10-11T03:23:43.722Z"}
{"level":"\u001b[32minfo\u001b[39m","message":"{\"method\":\"POST\",\"url\":\"/api/admin/sendmessage\",\"status\":\"500\",\"responseTime\":\"647.538\"}","timestamp":"2024-10-11T03:23:45.724Z"}
{"level":"\u001b[32minfo\u001b[39m","message":"{\"method\":\"POST\",\"url\":\"/api/admin/sendmessage\",\"status\":\"500\",\"responseTime\":\"185.403\"}","timestamp":"2024-10-11T03:23:46.061Z"}
{"level":"\u001b[32minfo\u001b[39m","message":"{\"method\":\"POST\",\"url\":\"/api/admin/adminlogout\",\"status\":\"200\",\"responseTime\":\"4.366\"}","timestamp":"2024-10-11T03:24:24.268Z"}
{"level":"\u001b[32minfo\u001b[39m","message":"{\"method\":\"POST\",\"url\":\"/api/admin/adminlogin\",\"status\":\"200\",\"responseTime\":\"228.183\"}","timestamp":"2024-10-11T03:24:32.089Z"}
{"level":"\u001b[32minfo\u001b[39m","message":"{\"method\":\"POST\",\"url\":\"/api/admin/sendmessage\",\"status\":\"500\",\"responseTime\":\"803.360\"}","timestamp":"2024-10-11T03:24:42.893Z"}
{"level":"\u001b[32minfo\u001b[39m","message":"{\"method\":\"POST\",\"url\":\"/api/admin/sendmessage\",\"status\":\"500\",\"responseTime\":\"37.906\"}","timestamp":"2024-10-11T03:29:25.173Z"}
{"level":"\u001b[32minfo\u001b[39m","message":"{\"method\":\"POST\",\"url\":\"/api/admin/sendmessage\",\"status\":\"500\",\"responseTime\":\"6.678\"}","timestamp":"2024-10-11T03:29:25.187Z"}
{"level":"\u001b[32minfo\u001b[39m","message":"{\"method\":\"POST\",\"url\":\"/api/admin/sendmessage\",\"status\":\"500\",\"responseTime\":\"3.728\"}","timestamp":"2024-10-11T03:29:33.591Z"}
{"level":"\u001b[32minfo\u001b[39m","message":"{\"method\":\"POST\",\"url\":\"/api/admin/sendmessage\",\"status\":\"500\",\"responseTime\":\"3.695\"}","timestamp":"2024-10-11T03:29:34.567Z"}
{"level":"\u001b[32minfo\u001b[39m","message":"{\"method\":\"GET\",\"url\":\"/api/admin/getmessages/6707b5054e8b3fa49ac3e1da\",\"status\":\"304\",\"responseTime\":\"96.152\"}","timestamp":"2024-10-11T04:13:57.983Z"}
{"level":"\u001b[32minfo\u001b[39m","message":"{\"method\":\"POST\",\"url\":\"/api/admin/adminlogout\",\"status\":\"200\",\"responseTime\":\"1.446\"}","timestamp":"2024-10-11T04:14:03.825Z"}
{"level":"\u001b[32minfo\u001b[39m","message":"{\"method\":\"POST\",\"url\":\"/api/agent/agentlogin\",\"status\":\"200\",\"responseTime\":\"130.276\"}","timestamp":"2024-10-11T04:14:24.972Z"}
{"level":"\u001b[32minfo\u001b[39m","message":"{\"method\":\"POST\",\"url\":\"/api/admin/adminlogin\",\"status\":\"200\",\"responseTime\":\"124.572\"}","timestamp":"2024-10-11T04:37:30.371Z"}
{"level":"\u001b[32minfo\u001b[39m","message":"{\"method\":\"GET\",\"url\":\"/api/admin/get_agent\",\"status\":\"200\",\"responseTime\":\"81.260\"}","timestamp":"2024-10-11T04:37:32.482Z"}
{"level":"\u001b[32minfo\u001b[39m","message":"{\"method\":\"PATCH\",\"url\":\"/api/admin/updateapproval/66ecfbebf7759bd18ec1487d\",\"status\":\"200\",\"responseTime\":\"134.612\"}","timestamp":"2024-10-11T04:37:47.837Z"}
{"level":"\u001b[32minfo\u001b[39m","message":"{\"method\":\"PATCH\",\"url\":\"/api/admin/updateapproval/66ecfbebf7759bd18ec1487d\",\"status\":\"200\",\"responseTime\":\"46.348\"}","timestamp":"2024-10-11T04:37:52.588Z"}
{"level":"\u001b[32minfo\u001b[39m","message":"{\"method\":\"POST\",\"url\":\"/api/admin/adminlogout\",\"status\":\"200\",\"responseTime\":\"11.232\"}","timestamp":"2024-10-11T04:40:29.690Z"}
{"level":"\u001b[32minfo\u001b[39m","message":"{\"method\":\"POST\",\"url\":\"/api/admin/adminlogin\",\"status\":\"200\",\"responseTime\":\"195.816\"}","timestamp":"2024-10-11T04:40:43.342Z"}
{"level":"\u001b[32minfo\u001b[39m","message":"{\"method\":\"GET\",\"url\":\"/api/admin/get_user\",\"status\":\"401\",\"responseTime\":\"2.336\"}","timestamp":"2024-10-11T04:42:16.263Z"}
{"level":"\u001b[32minfo\u001b[39m","message":"{\"method\":\"POST\",\"url\":\"/api/admin/refresh-token\",\"status\":\"200\",\"responseTime\":\"21.187\"}","timestamp":"2024-10-11T04:42:16.302Z"}
{"level":"\u001b[32minfo\u001b[39m","message":"{\"method\":\"GET\",\"url\":\"/api/admin/get_user\",\"status\":\"304\",\"responseTime\":\"111.638\"}","timestamp":"2024-10-11T04:42:16.427Z"}
{"level":"\u001b[32minfo\u001b[39m","message":"{\"method\":\"GET\",\"url\":\"/api/admin/get_user\",\"status\":\"304\",\"responseTime\":\"95.348\"}","timestamp":"2024-10-11T04:42:21.572Z"}
{"level":"\u001b[32minfo\u001b[39m","message":"{\"method\":\"POST\",\"url\":\"/api/user/login\",\"status\":\"400\",\"responseTime\":\"198.256\"}","timestamp":"2024-10-11T04:45:10.063Z"}
{"level":"\u001b[32minfo\u001b[39m","message":"{\"method\":\"POST\",\"url\":\"/api/user/login\",\"status\":\"400\",\"responseTime\":\"170.101\"}","timestamp":"2024-10-11T04:45:12.519Z"}
{"level":"\u001b[32minfo\u001b[39m","message":"{\"method\":\"POST\",\"url\":\"/api/user/login\",\"status\":\"400\",\"responseTime\":\"209.928\"}","timestamp":"2024-10-11T04:45:17.131Z"}
{"level":"\u001b[32minfo\u001b[39m","message":"{\"method\":\"GET\",\"url\":\"/api/admin/get_user\",\"status\":\"304\",\"responseTime\":\"74.213\"}","timestamp":"2024-10-11T04:45:27.457Z"}
{"level":"\u001b[32minfo\u001b[39m","message":"{\"method\":\"POST\",\"url\":\"/api/user/google-login\",\"status\":\"200\",\"responseTime\":\"393.413\"}","timestamp":"2024-10-11T04:46:40.343Z"}
{"level":"\u001b[32minfo\u001b[39m","message":"{\"method\":\"POST\",\"url\":\"/api/user/login\",\"status\":\"200\",\"responseTime\":\"146.090\"}","timestamp":"2024-10-11T04:47:15.657Z"}
{"level":"\u001b[32minfo\u001b[39m","message":"{\"method\":\"GET\",\"url\":\"/api/user/getbook/66f275f9edd163d2683325d3\",\"status\":\"304\",\"responseTime\":\"139.542\"}","timestamp":"2024-10-11T04:47:21.101Z"}
{"level":"\u001b[32minfo\u001b[39m","message":"{\"method\":\"POST\",\"url\":\"/api/user/userchat/66f275f9edd163d2683325d3\",\"status\":\"200\",\"responseTime\":\"141.255\"}","timestamp":"2024-10-11T04:47:23.928Z"}
{"level":"\u001b[32minfo\u001b[39m","message":"{\"method\":\"GET\",\"url\":\"/api/user/getmessage/6707b5054e8b3fa49ac3e1da\",\"status\":\"304\",\"responseTime\":\"92.180\"}","timestamp":"2024-10-11T04:47:24.052Z"}
{"level":"\u001b[32minfo\u001b[39m","message":"{\"method\":\"POST\",\"url\":\"/api/user/sendmessages\",\"status\":\"200\",\"responseTime\":\"126.451\"}","timestamp":"2024-10-11T04:48:30.285Z"}
{"level":"\u001b[32minfo\u001b[39m","message":"{\"method\":\"GET\",\"url\":\"/api/admin/getcustomer\",\"status\":\"200\",\"responseTime\":\"99.896\"}","timestamp":"2024-10-11T04:48:57.896Z"}
{"level":"\u001b[32minfo\u001b[39m","message":"{\"method\":\"GET\",\"url\":\"/api/admin/getmessages/6707b5054e8b3fa49ac3e1da\",\"status\":\"200\",\"responseTime\":\"107.979\"}","timestamp":"2024-10-11T04:49:01.488Z"}
{"level":"\u001b[32minfo\u001b[39m","message":"{\"method\":\"GET\",\"url\":\"/api/user/getbook/66f275f9edd163d2683325d3\",\"status\":\"304\",\"responseTime\":\"316.276\"}","timestamp":"2024-10-14T04:09:47.206Z"}
{"level":"\u001b[32minfo\u001b[39m","message":"{\"method\":\"GET\",\"url\":\"/api/user/getorders/66f275f9edd163d2683325d3\",\"status\":\"401\",\"responseTime\":\"1.692\"}","timestamp":"2024-10-14T04:09:52.508Z"}
{"level":"\u001b[32minfo\u001b[39m","message":"{\"method\":\"POST\",\"url\":\"/api/user/userrefresh-token\",\"status\":\"200\",\"responseTime\":\"9.591\"}","timestamp":"2024-10-14T04:09:52.523Z"}
{"level":"\u001b[32minfo\u001b[39m","message":"{\"method\":\"GET\",\"url\":\"/api/user/getorders/66f275f9edd163d2683325d3\",\"status\":\"304\",\"responseTime\":\"391.545\"}","timestamp":"2024-10-14T04:09:52.925Z"}
{"level":"\u001b[32minfo\u001b[39m","message":"{\"method\":\"POST\",\"url\":\"/api/user/userchat/66f275f9edd163d2683325d3\",\"status\":\"200\",\"responseTime\":\"563.073\"}","timestamp":"2024-10-14T04:10:02.048Z"}
{"level":"\u001b[32minfo\u001b[39m","message":"{\"method\":\"GET\",\"url\":\"/api/user/getmessage/6707b5054e8b3fa49ac3e1da\",\"status\":\"200\",\"responseTime\":\"104.352\"}","timestamp":"2024-10-14T04:10:02.229Z"}
{"level":"\u001b[32minfo\u001b[39m","message":"{\"method\":\"POST\",\"url\":\"/api/user/sendmessages\",\"status\":\"200\",\"responseTime\":\"214.129\"}","timestamp":"2024-10-14T04:10:07.939Z"}
{"level":"\u001b[32minfo\u001b[39m","message":"{\"method\":\"POST\",\"url\":\"/api/user/sendmessages\",\"status\":\"200\",\"responseTime\":\"93.988\"}","timestamp":"2024-10-14T04:10:21.724Z"}
{"level":"\u001b[32minfo\u001b[39m","message":"{\"method\":\"GET\",\"url\":\"/api/user/getbook/66f275f9edd163d2683325d3\",\"status\":\"304\",\"responseTime\":\"186.765\"}","timestamp":"2024-10-14T04:16:04.488Z"}
{"level":"\u001b[32minfo\u001b[39m","message":"{\"method\":\"POST\",\"url\":\"/api/user/userchat/66f275f9edd163d2683325d3\",\"status\":\"200\",\"responseTime\":\"617.489\"}","timestamp":"2024-10-14T04:16:12.322Z"}
{"level":"\u001b[32minfo\u001b[39m","message":"{\"method\":\"GET\",\"url\":\"/api/user/getmessage/6707b5054e8b3fa49ac3e1da\",\"status\":\"200\",\"responseTime\":\"176.443\"}","timestamp":"2024-10-14T04:16:12.585Z"}
{"level":"\u001b[32minfo\u001b[39m","message":"{\"method\":\"POST\",\"url\":\"/api/user/sendmessages\",\"status\":\"200\",\"responseTime\":\"141.036\"}","timestamp":"2024-10-14T04:16:21.757Z"}
{"level":"\u001b[32minfo\u001b[39m","message":"{\"method\":\"POST\",\"url\":\"/api/user/userchat/66f275f9edd163d2683325d3\",\"status\":\"200\",\"responseTime\":\"359.550\"}","timestamp":"2024-10-14T04:16:36.220Z"}
{"level":"\u001b[32minfo\u001b[39m","message":"{\"method\":\"POST\",\"url\":\"/api/user/sendmessages\",\"status\":\"200\",\"responseTime\":\"200.373\"}","timestamp":"2024-10-14T04:16:58.762Z"}
{"level":"\u001b[32minfo\u001b[39m","message":"{\"method\":\"POST\",\"url\":\"/api/user/userchat/66f275f9edd163d2683325d3\",\"status\":\"200\",\"responseTime\":\"162.952\"}","timestamp":"2024-10-14T04:17:03.069Z"}
{"level":"\u001b[32minfo\u001b[39m","message":"{\"method\":\"POST\",\"url\":\"/api/user/userchat/66f275f9edd163d2683325d3\",\"status\":\"200\",\"responseTime\":\"337.407\"}","timestamp":"2024-10-14T04:17:07.900Z"}
{"level":"\u001b[32minfo\u001b[39m","message":"{\"method\":\"GET\",\"url\":\"/api/user/getbook/66f275f9edd163d2683325d3\",\"status\":\"304\",\"responseTime\":\"188.320\"}","timestamp":"2024-10-14T04:25:25.294Z"}
{"level":"\u001b[32minfo\u001b[39m","message":"{\"method\":\"POST\",\"url\":\"/api/user/userchat/66f275f9edd163d2683325d3\",\"status\":\"200\",\"responseTime\":\"245.863\"}","timestamp":"2024-10-14T04:25:36.973Z"}
{"level":"\u001b[32minfo\u001b[39m","message":"{\"method\":\"GET\",\"url\":\"/api/user/getmessage/6707b5054e8b3fa49ac3e1da\",\"status\":\"200\",\"responseTime\":\"130.504\"}","timestamp":"2024-10-14T04:25:37.166Z"}
{"level":"\u001b[32minfo\u001b[39m","message":"{\"method\":\"POST\",\"url\":\"/api/user/sendmessages\",\"status\":\"200\",\"responseTime\":\"130.353\"}","timestamp":"2024-10-14T04:25:53.528Z"}
{"level":"\u001b[32minfo\u001b[39m","message":"{\"method\":\"GET\",\"url\":\"/api/user/getorders/66f275f9edd163d2683325d3\",\"status\":\"304\",\"responseTime\":\"252.888\"}","timestamp":"2024-10-14T04:26:00.172Z"}
{"level":"\u001b[32minfo\u001b[39m","message":"{\"method\":\"POST\",\"url\":\"/api/user/userchat/66f275f9edd163d2683325d3\",\"status\":\"200\",\"responseTime\":\"171.036\"}","timestamp":"2024-10-14T04:26:03.828Z"}
{"level":"\u001b[32minfo\u001b[39m","message":"{\"method\":\"POST\",\"url\":\"/api/user/userchat/66f275f9edd163d2683325d3\",\"status\":\"200\",\"responseTime\":\"263.256\"}","timestamp":"2024-10-14T04:27:30.917Z"}
{"level":"\u001b[32minfo\u001b[39m","message":"{\"method\":\"GET\",\"url\":\"/api/user/getbook/66f275f9edd163d2683325d3\",\"status\":\"304\",\"responseTime\":\"74.279\"}","timestamp":"2024-10-14T04:27:36.616Z"}
{"level":"\u001b[32minfo\u001b[39m","message":"{\"method\":\"POST\",\"url\":\"/api/user/userchat/66f275f9edd163d2683325d3\",\"status\":\"200\",\"responseTime\":\"141.478\"}","timestamp":"2024-10-14T04:27:39.178Z"}
{"level":"\u001b[32minfo\u001b[39m","message":"{\"method\":\"GET\",\"url\":\"/api/user/getmessage/6707b5054e8b3fa49ac3e1da\",\"status\":\"200\",\"responseTime\":\"120.448\"}","timestamp":"2024-10-14T04:27:39.341Z"}
{"level":"\u001b[32minfo\u001b[39m","message":"{\"method\":\"POST\",\"url\":\"/api/user/google-login\",\"status\":\"200\",\"responseTime\":\"381.481\"}","timestamp":"2024-10-14T04:28:21.155Z"}
{"level":"\u001b[32minfo\u001b[39m","message":"{\"method\":\"GET\",\"url\":\"/api/user/getbook/66fe772133a8881536ad0f6e\",\"status\":\"200\",\"responseTime\":\"182.740\"}","timestamp":"2024-10-14T05:03:33.680Z"}
{"level":"\u001b[32minfo\u001b[39m","message":"{\"method\":\"GET\",\"url\":\"/api/user/getbook/66fe772133a8881536ad0f6e\",\"status\":\"304\",\"responseTime\":\"483.277\"}","timestamp":"2024-10-14T05:10:43.887Z"}
{"level":"\u001b[32minfo\u001b[39m","message":"{\"method\":\"GET\",\"url\":\"/api/user/getbook/66fe772133a8881536ad0f6e\",\"status\":\"304\",\"responseTime\":\"650.662\"}","timestamp":"2024-10-14T05:55:44.468Z"}
{"level":"\u001b[32minfo\u001b[39m","message":"{\"method\":\"GET\",\"url\":\"/api/user/getbook/66fe772133a8881536ad0f6e\",\"status\":\"304\",\"responseTime\":\"233.774\"}","timestamp":"2024-10-14T06:17:22.196Z"}
{"level":"\u001b[32minfo\u001b[39m","message":"{\"method\":\"POST\",\"url\":\"/api/user/userchat/66fe772133a8881536ad0f6e\",\"status\":\"500\",\"responseTime\":\"12.147\"}","timestamp":"2024-10-14T06:17:24.587Z"}
{"level":"\u001b[32minfo\u001b[39m","message":"{\"method\":\"POST\",\"url\":\"/api/user/login\",\"status\":\"200\",\"responseTime\":\"234.299\"}","timestamp":"2024-10-14T06:34:08.970Z"}
{"level":"\u001b[32minfo\u001b[39m","message":"{\"method\":\"GET\",\"url\":\"/api/user/getbook/66f275f9edd163d2683325d3\",\"status\":\"304\",\"responseTime\":\"352.365\"}","timestamp":"2024-10-14T06:34:14.090Z"}
{"level":"\u001b[32minfo\u001b[39m","message":"{\"method\":\"POST\",\"url\":\"/api/user/userchat/66f275f9edd163d2683325d3\",\"status\":\"200\",\"responseTime\":\"624.108\"}","timestamp":"2024-10-14T06:34:17.303Z"}
{"level":"\u001b[32minfo\u001b[39m","message":"{\"method\":\"GET\",\"url\":\"/api/user/getmessage/6707b5054e8b3fa49ac3e1da\",\"status\":\"304\",\"responseTime\":\"237.534\"}","timestamp":"2024-10-14T06:34:17.569Z"}
{"level":"\u001b[32minfo\u001b[39m","message":"{\"method\":\"GET\",\"url\":\"/api/user/getbook/66f275f9edd163d2683325d3\",\"status\":\"304\",\"responseTime\":\"476.156\"}","timestamp":"2024-10-14T07:28:53.944Z"}
{"level":"\u001b[32minfo\u001b[39m","message":"{\"method\":\"POST\",\"url\":\"/api/user/userchat/66f275f9edd163d2683325d3\",\"status\":\"200\",\"responseTime\":\"709.121\"}","timestamp":"2024-10-14T07:28:56.407Z"}
{"level":"\u001b[32minfo\u001b[39m","message":"{\"method\":\"GET\",\"url\":\"/api/user/getmessage/6707b5054e8b3fa49ac3e1da\",\"status\":\"304\",\"responseTime\":\"304.975\"}","timestamp":"2024-10-14T07:28:56.740Z"}
{"level":"\u001b[32minfo\u001b[39m","message":"{\"method\":\"GET\",\"url\":\"/api/user/getbook/66f275f9edd163d2683325d3\",\"status\":\"304\",\"responseTime\":\"121.145\"}","timestamp":"2024-10-14T07:31:19.055Z"}
{"level":"\u001b[32minfo\u001b[39m","message":"{\"method\":\"POST\",\"url\":\"/api/user/userchat/66f275f9edd163d2683325d3\",\"status\":\"200\",\"responseTime\":\"396.389\"}","timestamp":"2024-10-14T07:31:25.811Z"}
{"level":"\u001b[32minfo\u001b[39m","message":"{\"method\":\"GET\",\"url\":\"/api/user/getmessage/6707b5054e8b3fa49ac3e1da\",\"status\":\"304\",\"responseTime\":\"159.064\"}","timestamp":"2024-10-14T07:31:25.993Z"}
{"level":"\u001b[32minfo\u001b[39m","message":"{\"method\":\"POST\",\"url\":\"/api/user/google-login\",\"status\":\"200\",\"responseTime\":\"361.684\"}","timestamp":"2024-10-14T07:31:51.282Z"}
{"level":"\u001b[32minfo\u001b[39m","message":"{\"method\":\"GET\",\"url\":\"/api/user/getbook/66fe772133a8881536ad0f6e\",\"status\":\"304\",\"responseTime\":\"86.532\"}","timestamp":"2024-10-14T07:31:57.885Z"}
{"level":"\u001b[32minfo\u001b[39m","message":"{\"method\":\"POST\",\"url\":\"/api/user/userchat/66fe772133a8881536ad0f6e\",\"status\":\"200\",\"responseTime\":\"166.339\"}","timestamp":"2024-10-14T07:32:01.624Z"}
{"level":"\u001b[32minfo\u001b[39m","message":"{\"method\":\"GET\",\"url\":\"/api/user/getmessage/670cc8f194a34f8879690fe2\",\"status\":\"200\",\"responseTime\":\"34.372\"}","timestamp":"2024-10-14T07:32:01.674Z"}
{"level":"\u001b[32minfo\u001b[39m","message":"{\"method\":\"POST\",\"url\":\"/api/user/sendmessages\",\"status\":\"200\",\"responseTime\":\"803.669\"}","timestamp":"2024-10-14T07:32:08.163Z"}
{"level":"\u001b[32minfo\u001b[39m","message":"{\"method\":\"POST\",\"url\":\"/api/user/sendmessages\",\"status\":\"200\",\"responseTime\":\"81.801\"}","timestamp":"2024-10-14T07:32:17.261Z"}
{"level":"\u001b[32minfo\u001b[39m","message":"{\"method\":\"GET\",\"url\":\"/api/user/getbook/66fe772133a8881536ad0f6e\",\"status\":\"304\",\"responseTime\":\"66.130\"}","timestamp":"2024-10-14T07:32:20.198Z"}
{"level":"\u001b[32minfo\u001b[39m","message":"{\"method\":\"POST\",\"url\":\"/api/user/userchat/66fe772133a8881536ad0f6e\",\"status\":\"200\",\"responseTime\":\"133.221\"}","timestamp":"2024-10-14T07:32:22.232Z"}
{"level":"\u001b[32minfo\u001b[39m","message":"{\"method\":\"GET\",\"url\":\"/api/user/getmessage/670cc8f194a34f8879690fe2\",\"status\":\"200\",\"responseTime\":\"65.227\"}","timestamp":"2024-10-14T07:32:22.318Z"}
{"level":"\u001b[32minfo\u001b[39m","message":"{\"method\":\"POST\",\"url\":\"/api/user/userchat/66fe772133a8881536ad0f6e\",\"status\":\"200\",\"responseTime\":\"555.585\"}","timestamp":"2024-10-14T07:32:57.468Z"}
{"level":"\u001b[32minfo\u001b[39m","message":"{\"method\":\"POST\",\"url\":\"/api/user/addbook\",\"status\":\"500\",\"responseTime\":\"76.670\"}","timestamp":"2024-10-14T07:34:10.744Z"}
{"level":"\u001b[32minfo\u001b[39m","message":"{\"method\":\"GET\",\"url\":\"/api/user/getbook/66fe772133a8881536ad0f6e\",\"status\":\"404\",\"responseTime\":\"5.537\"}","timestamp":"2024-10-14T07:36:20.807Z"}
{"level":"\u001b[32minfo\u001b[39m","message":"{\"method\":\"GET\",\"url\":\"/api/user/getbook/66fe772133a8881536ad0f6e\",\"status\":\"200\",\"responseTime\":\"134.017\"}","timestamp":"2024-10-14T07:36:48.959Z"}
{"level":"\u001b[32minfo\u001b[39m","message":"{\"method\":\"POST\",\"url\":\"/api/user/addbook\",\"status\":\"500\",\"responseTime\":\"200.808\"}","timestamp":"2024-10-14T07:37:09.458Z"}
{"level":"\u001b[32minfo\u001b[39m","message":"{\"method\":\"GET\",\"url\":\"/api/user/getbook/66fe772133a8881536ad0f6e\",\"status\":\"304\",\"responseTime\":\"144.115\"}","timestamp":"2024-10-14T07:37:27.223Z"}
{"level":"\u001b[32minfo\u001b[39m","message":"{\"method\":\"GET\",\"url\":\"/api/user/getbook/66fe772133a8881536ad0f6e\",\"status\":\"304\",\"responseTime\":\"91.143\"}","timestamp":"2024-10-14T07:37:28.534Z"}
{"level":"\u001b[32minfo\u001b[39m","message":"{\"method\":\"GET\",\"url\":\"/api/user/getbook/66fe772133a8881536ad0f6e\",\"status\":\"304\",\"responseTime\":\"740.781\"}","timestamp":"2024-10-14T07:37:30.065Z"}
{"level":"\u001b[32minfo\u001b[39m","message":"{\"method\":\"DELETE\",\"url\":\"/api/user/deletebook/6704cdfa818c26587b5613d0\",\"status\":\"200\",\"responseTime\":\"376.889\"}","timestamp":"2024-10-14T07:38:22.574Z"}
{"level":"\u001b[32minfo\u001b[39m","message":"{\"method\":\"GET\",\"url\":\"/api/user/getbook/66fe772133a8881536ad0f6e\",\"status\":\"200\",\"responseTime\":\"72.934\"}","timestamp":"2024-10-14T07:38:22.653Z"}
{"level":"\u001b[32minfo\u001b[39m","message":"{\"method\":\"POST\",\"url\":\"/api/user/addbook\",\"status\":\"201\",\"responseTime\":\"879.355\"}","timestamp":"2024-10-14T07:38:47.777Z"}
{"level":"\u001b[32minfo\u001b[39m","message":"{\"method\":\"GET\",\"url\":\"/api/user/getbook/66fe772133a8881536ad0f6e\",\"status\":\"200\",\"responseTime\":\"293.345\"}","timestamp":"2024-10-14T07:38:48.078Z"}
{"level":"\u001b[32minfo\u001b[39m","message":"{\"method\":\"GET\",\"url\":\"/api/user/getorders/\",\"status\":\"404\",\"responseTime\":\"3.926\"}","timestamp":"2024-10-14T07:52:17.421Z"}
{"level":"\u001b[32minfo\u001b[39m","message":"{\"method\":\"GET\",\"url\":\"/api/user/getbook/66fe772133a8881536ad0f6e\",\"status\":\"304\",\"responseTime\":\"1128.606\"}","timestamp":"2024-10-14T07:52:21.819Z"}
{"level":"\u001b[32minfo\u001b[39m","message":"{\"method\":\"GET\",\"url\":\"/api/user/getorders/\",\"status\":\"404\",\"responseTime\":\"0.781\"}","timestamp":"2024-10-14T07:52:23.709Z"}
{"level":"\u001b[32minfo\u001b[39m","message":"{\"method\":\"POST\",\"url\":\"/api/user/login\",\"status\":\"200\",\"responseTime\":\"374.018\"}","timestamp":"2024-10-14T08:04:54.558Z"}
{"level":"\u001b[32minfo\u001b[39m","message":"{\"method\":\"GET\",\"url\":\"/api/user/getbook/66f275f9edd163d2683325d3\",\"status\":\"304\",\"responseTime\":\"172.832\"}","timestamp":"2024-10-14T08:04:59.816Z"}
{"level":"\u001b[32minfo\u001b[39m","message":"{\"method\":\"GET\",\"url\":\"/api/user/getorders/66f275f9edd163d2683325d3\",\"status\":\"304\",\"responseTime\":\"532.021\"}","timestamp":"2024-10-14T08:05:02.157Z"}
{"level":"\u001b[32minfo\u001b[39m","message":"{\"method\":\"POST\",\"url\":\"/api/user/google-login\",\"status\":\"200\",\"responseTime\":\"559.310\"}","timestamp":"2024-10-14T08:05:26.125Z"}
{"level":"\u001b[32minfo\u001b[39m","message":"{\"method\":\"GET\",\"url\":\"/api/user/getbook/66fe772133a8881536ad0f6e\",\"status\":\"304\",\"responseTime\":\"238.110\"}","timestamp":"2024-10-14T08:05:32.560Z"}
{"level":"\u001b[32minfo\u001b[39m","message":"{\"method\":\"GET\",\"url\":\"/api/user/getorders/\",\"status\":\"404\",\"responseTime\":\"0.398\"}","timestamp":"2024-10-14T08:05:34.142Z"}
{"level":"\u001b[32minfo\u001b[39m","message":"{\"method\":\"POST\",\"url\":\"/api/user/login\",\"status\":\"200\",\"responseTime\":\"741.283\"}","timestamp":"2024-10-14T12:21:50.593Z"}
{"level":"\u001b[32minfo\u001b[39m","message":"{\"method\":\"GET\",\"url\":\"/api/user/gas-providers/643205\",\"status\":\"304\",\"responseTime\":\"247.111\"}","timestamp":"2024-10-14T12:21:56.122Z"}
{"level":"\u001b[32minfo\u001b[39m","message":"{\"method\":\"GET\",\"url\":\"/api/user/getbook/66f275f9edd163d2683325d3\",\"status\":\"304\",\"responseTime\":\"163.573\"}","timestamp":"2024-10-14T12:22:04.409Z"}
{"level":"\u001b[32minfo\u001b[39m","message":"{\"method\":\"GET\",\"url\":\"/api/user/getorders/66f275f9edd163d2683325d3\",\"status\":\"304\",\"responseTime\":\"203.475\"}","timestamp":"2024-10-14T12:22:08.086Z"}
{"level":"\u001b[32minfo\u001b[39m","message":"{\"method\":\"GET\",\"url\":\"/api/user/getbook/66f275f9edd163d2683325d3\",\"status\":\"304\",\"responseTime\":\"770.138\"}","timestamp":"2024-10-14T12:22:32.622Z"}
{"level":"\u001b[32minfo\u001b[39m","message":"{\"method\":\"POST\",\"url\":\"/api/user/userchat/66f275f9edd163d2683325d3\",\"status\":\"200\",\"responseTime\":\"183.900\"}","timestamp":"2024-10-14T12:22:33.399Z"}
{"level":"\u001b[32minfo\u001b[39m","message":"{\"method\":\"GET\",\"url\":\"/api/user/getmessage/6707b5054e8b3fa49ac3e1da\",\"status\":\"304\",\"responseTime\":\"81.560\"}","timestamp":"2024-10-14T12:22:33.519Z"}
{"level":"\u001b[32minfo\u001b[39m","message":"{\"method\":\"POST\",\"url\":\"/api/user/sendmessages\",\"status\":\"200\",\"responseTime\":\"631.853\"}","timestamp":"2024-10-14T12:22:39.212Z"}
{"level":"\u001b[32minfo\u001b[39m","message":"{\"method\":\"GET\",\"url\":\"/api/user/getbook/66f275f9edd163d2683325d3\",\"status\":\"304\",\"responseTime\":\"185.495\"}","timestamp":"2024-10-14T12:22:43.149Z"}
{"level":"\u001b[32minfo\u001b[39m","message":"{\"method\":\"POST\",\"url\":\"/api/user/userchat/66f275f9edd163d2683325d3\",\"status\":\"200\",\"responseTime\":\"603.488\"}","timestamp":"2024-10-14T12:22:45.764Z"}
{"level":"\u001b[32minfo\u001b[39m","message":"{\"method\":\"GET\",\"url\":\"/api/user/getmessage/6707b5054e8b3fa49ac3e1da\",\"status\":\"200\",\"responseTime\":\"130.430\"}","timestamp":"2024-10-14T12:22:45.913Z"}
{"level":"\u001b[32minfo\u001b[39m","message":"{\"method\":\"POST\",\"url\":\"/api/user/userchat/66f275f9edd163d2683325d3\",\"status\":\"200\",\"responseTime\":\"334.885\"}","timestamp":"2024-10-14T12:22:46.654Z"}
{"level":"\u001b[32minfo\u001b[39m","message":"{\"method\":\"GET\",\"url\":\"/api/admin/get_user\",\"status\":\"401\",\"responseTime\":\"1.068\"}","timestamp":"2024-10-14T12:23:00.295Z"}
{"level":"\u001b[32minfo\u001b[39m","message":"{\"method\":\"POST\",\"url\":\"/api/admin/refresh-token\",\"status\":\"200\",\"responseTime\":\"4.715\"}","timestamp":"2024-10-14T12:23:00.306Z"}
{"level":"\u001b[32minfo\u001b[39m","message":"{\"method\":\"GET\",\"url\":\"/api/admin/get_user\",\"status\":\"200\",\"responseTime\":\"2164.700\"}","timestamp":"2024-10-14T12:23:02.475Z"}
{"level":"\u001b[32minfo\u001b[39m","message":"{\"method\":\"GET\",\"url\":\"/api/admin/get_agent\",\"status\":\"200\",\"responseTime\":\"156.865\"}","timestamp":"2024-10-14T12:23:07.193Z"}
{"level":"\u001b[32minfo\u001b[39m","message":"{\"method\":\"GET\",\"url\":\"/api/admin/admingetorders\",\"status\":\"200\",\"responseTime\":\"361.696\"}","timestamp":"2024-10-14T12:23:08.934Z"}
{"level":"\u001b[32minfo\u001b[39m","message":"{\"method\":\"GET\",\"url\":\"/api/admin/getcustomer\",\"status\":\"200\",\"responseTime\":\"493.512\"}","timestamp":"2024-10-14T12:23:10.647Z"}
{"level":"\u001b[32minfo\u001b[39m","message":"{\"method\":\"GET\",\"url\":\"/api/admin/getmessages/6707b5054e8b3fa49ac3e1da\",\"status\":\"200\",\"responseTime\":\"173.219\"}","timestamp":"2024-10-14T12:23:15.363Z"}
{"level":"\u001b[32minfo\u001b[39m","message":"{\"method\":\"GET\",\"url\":\"/api/admin/getcustomer\",\"status\":\"-\",\"responseTime\":\"-\"}","timestamp":"2024-10-14T13:15:29.763Z"}
{"level":"\u001b[32minfo\u001b[39m","message":"{\"method\":\"POST\",\"url\":\"/api/user/google-login\",\"status\":\"200\",\"responseTime\":\"464.979\"}","timestamp":"2024-10-15T04:11:07.052Z"}
{"level":"\u001b[32minfo\u001b[39m","message":"{\"method\":\"POST\",\"url\":\"/api/user/google-login\",\"status\":\"200\",\"responseTime\":\"256.007\"}","timestamp":"2024-10-15T04:22:45.842Z"}
{"level":"\u001b[32minfo\u001b[39m","message":"{\"method\":\"GET\",\"url\":\"/api/user/getbook/66fe772133a8881536ad0f6e\",\"status\":\"304\",\"responseTime\":\"252.652\"}","timestamp":"2024-10-15T04:24:20.750Z"}
{"level":"\u001b[32minfo\u001b[39m","message":"{\"method\":\"POST\",\"url\":\"/api/user/userchat/66fe772133a8881536ad0f6e\",\"status\":\"200\",\"responseTime\":\"191.431\"}","timestamp":"2024-10-15T04:24:22.787Z"}
{"level":"\u001b[32minfo\u001b[39m","message":"{\"method\":\"GET\",\"url\":\"/api/user/getmessage/670cc8f194a34f8879690fe2\",\"status\":\"304\",\"responseTime\":\"50.154\"}","timestamp":"2024-10-15T04:24:22.863Z"}
{"level":"\u001b[32minfo\u001b[39m","message":"{\"method\":\"POST\",\"url\":\"/api/user/userchat/66fe772133a8881536ad0f6e\",\"status\":\"200\",\"responseTime\":\"227.946\"}","timestamp":"2024-10-15T04:24:28.326Z"}
{"level":"\u001b[32minfo\u001b[39m","message":"{\"method\":\"GET\",\"url\":\"/api/user/getbook/66fe772133a8881536ad0f6e\",\"status\":\"304\",\"responseTime\":\"159.393\"}","timestamp":"2024-10-15T04:24:49.024Z"}
{"level":"\u001b[32minfo\u001b[39m","message":"{\"method\":\"GET\",\"url\":\"/api/user/gas-providers/643205\",\"status\":\"304\",\"responseTime\":\"177.448\"}","timestamp":"2024-10-15T04:24:59.569Z"}
{"level":"\u001b[32minfo\u001b[39m","message":"{\"method\":\"GET\",\"url\":\"/api/user/getbook/66fe772133a8881536ad0f6e\",\"status\":\"304\",\"responseTime\":\"790.495\"}","timestamp":"2024-10-15T04:25:02.817Z"}
{"level":"\u001b[32minfo\u001b[39m","message":"{\"method\":\"POST\",\"url\":\"/api/user/login\",\"status\":\"200\",\"responseTime\":\"109.720\"}","timestamp":"2024-10-15T04:25:27.952Z"}
{"level":"\u001b[32minfo\u001b[39m","message":"{\"method\":\"GET\",\"url\":\"/api/user/getbook/66f275f9edd163d2683325d3\",\"status\":\"304\",\"responseTime\":\"91.331\"}","timestamp":"2024-10-15T04:25:34.818Z"}
{"level":"\u001b[32minfo\u001b[39m","message":"{\"method\":\"POST\",\"url\":\"/api/user/userchat/66f275f9edd163d2683325d3\",\"status\":\"200\",\"responseTime\":\"254.667\"}","timestamp":"2024-10-15T04:25:38.848Z"}
{"level":"\u001b[32minfo\u001b[39m","message":"{\"method\":\"GET\",\"url\":\"/api/user/getmessage/6707b5054e8b3fa49ac3e1da\",\"status\":\"304\",\"responseTime\":\"98.802\"}","timestamp":"2024-10-15T04:25:38.982Z"}
{"level":"\u001b[32minfo\u001b[39m","message":"{\"method\":\"GET\",\"url\":\"/api/user/getbook/66f275f9edd163d2683325d3\",\"status\":\"304\",\"responseTime\":\"106.613\"}","timestamp":"2024-10-15T04:26:12.191Z"}
{"level":"\u001b[32minfo\u001b[39m","message":"{\"method\":\"GET\",\"url\":\"/api/user/getbook/66f275f9edd163d2683325d3\",\"status\":\"304\",\"responseTime\":\"90.479\"}","timestamp":"2024-10-15T04:26:22.048Z"}
{"level":"\u001b[32minfo\u001b[39m","message":"{\"method\":\"POST\",\"url\":\"/api/user/google-login\",\"status\":\"200\",\"responseTime\":\"398.258\"}","timestamp":"2024-10-15T04:27:32.293Z"}
{"level":"\u001b[32minfo\u001b[39m","message":"{\"method\":\"GET\",\"url\":\"/api/user/getbook/66fe772133a8881536ad0f6e\",\"status\":\"304\",\"responseTime\":\"247.594\"}","timestamp":"2024-10-15T04:39:14.549Z"}
{"level":"\u001b[32minfo\u001b[39m","message":"{\"method\":\"POST\",\"url\":\"/api/user/userchat/66fe772133a8881536ad0f6e\",\"status\":\"200\",\"responseTime\":\"257.857\"}","timestamp":"2024-10-15T04:39:16.232Z"}
{"level":"\u001b[32minfo\u001b[39m","message":"{\"method\":\"POST\",\"url\":\"/api/user/userchat/66fe772133a8881536ad0f6e\",\"status\":\"200\",\"responseTime\":\"575.098\"}","timestamp":"2024-10-15T04:39:22.160Z"}
{"level":"\u001b[32minfo\u001b[39m","message":"{\"method\":\"POST\",\"url\":\"/api/user/login\",\"status\":\"200\",\"responseTime\":\"110.579\"}","timestamp":"2024-10-15T04:39:58.551Z"}
{"level":"\u001b[32minfo\u001b[39m","message":"{\"method\":\"GET\",\"url\":\"/api/user/getbook/66f275f9edd163d2683325d3\",\"status\":\"304\",\"responseTime\":\"330.851\"}","timestamp":"2024-10-15T04:40:04.844Z"}
{"level":"\u001b[32minfo\u001b[39m","message":"{\"method\":\"POST\",\"url\":\"/api/user/userchat/66f275f9edd163d2683325d3\",\"status\":\"200\",\"responseTime\":\"729.181\"}","timestamp":"2024-10-15T04:40:09.932Z"}
{"level":"\u001b[32minfo\u001b[39m","message":"{\"method\":\"GET\",\"url\":\"/api/user/getbook/66f275f9edd163d2683325d3\",\"status\":\"304\",\"responseTime\":\"282.270\"}","timestamp":"2024-10-15T04:40:22.442Z"}
{"level":"\u001b[32minfo\u001b[39m","message":"{\"method\":\"POST\",\"url\":\"/api/user/userchat/66f275f9edd163d2683325d3\",\"status\":\"200\",\"responseTime\":\"338.926\"}","timestamp":"2024-10-15T04:40:25.784Z"}
{"level":"\u001b[32minfo\u001b[39m","message":"{\"method\":\"GET\",\"url\":\"/api/user/getbook/66f275f9edd163d2683325d3\",\"status\":\"304\",\"responseTime\":\"129.363\"}","timestamp":"2024-10-15T04:40:47.784Z"}
{"level":"\u001b[32minfo\u001b[39m","message":"{\"method\":\"POST\",\"url\":\"/api/user/userchat/66f275f9edd163d2683325d3\",\"status\":\"200\",\"responseTime\":\"464.476\"}","timestamp":"2024-10-15T04:40:50.115Z"}
{"level":"\u001b[32minfo\u001b[39m","message":"{\"method\":\"GET\",\"url\":\"/api/user/getbook/66f275f9edd163d2683325d3\",\"status\":\"304\",\"responseTime\":\"206.337\"}","timestamp":"2024-10-15T05:05:43.229Z"}
{"level":"\u001b[32minfo\u001b[39m","message":"{\"method\":\"POST\",\"url\":\"/api/user/userchat/66f275f9edd163d2683325d3\",\"status\":\"200\",\"responseTime\":\"1655.114\"}","timestamp":"2024-10-15T05:05:47.837Z"}
{"level":"\u001b[32minfo\u001b[39m","message":"{\"method\":\"GET\",\"url\":\"/api/user/getbook/66f275f9edd163d2683325d3\",\"status\":\"304\",\"responseTime\":\"156.407\"}","timestamp":"2024-10-15T05:12:37.146Z"}
{"level":"\u001b[32minfo\u001b[39m","message":"{\"method\":\"GET\",\"url\":\"/api/user/getbook/66f275f9edd163d2683325d3\",\"status\":\"304\",\"responseTime\":\"794.764\"}","timestamp":"2024-10-15T05:14:15.702Z"}
{"level":"\u001b[32minfo\u001b[39m","message":"{\"method\":\"GET\",\"url\":\"/api/user/getbook/66f275f9edd163d2683325d3\",\"status\":\"304\",\"responseTime\":\"258.796\"}","timestamp":"2024-10-15T05:14:19.132Z"}
{"level":"\u001b[32minfo\u001b[39m","message":"{\"method\":\"GET\",\"url\":\"/api/user/getbook/66f275f9edd163d2683325d3\",\"status\":\"304\",\"responseTime\":\"375.206\"}","timestamp":"2024-10-15T05:14:22.169Z"}
{"level":"\u001b[32minfo\u001b[39m","message":"{\"method\":\"GET\",\"url\":\"/api/user/getbook/66f275f9edd163d2683325d3\",\"status\":\"304\",\"responseTime\":\"847.962\"}","timestamp":"2024-10-15T05:14:24.610Z"}
{"level":"\u001b[32minfo\u001b[39m","message":"{\"method\":\"GET\",\"url\":\"/api/user/getbook/66f275f9edd163d2683325d3\",\"status\":\"304\",\"responseTime\":\"169.219\"}","timestamp":"2024-10-15T05:14:49.955Z"}
{"level":"\u001b[32minfo\u001b[39m","message":"{\"method\":\"GET\",\"url\":\"/api/user/getbook/66f275f9edd163d2683325d3\",\"status\":\"304\",\"responseTime\":\"550.629\"}","timestamp":"2024-10-15T05:16:49.336Z"}
{"level":"\u001b[32minfo\u001b[39m","message":"{\"method\":\"GET\",\"url\":\"/api/user/getbook/66f275f9edd163d2683325d3\",\"status\":\"304\",\"responseTime\":\"234.585\"}","timestamp":"2024-10-15T05:16:52.084Z"}
{"level":"\u001b[32minfo\u001b[39m","message":"{\"method\":\"GET\",\"url\":\"/api/user/getbook/66f275f9edd163d2683325d3\",\"status\":\"304\",\"responseTime\":\"134.404\"}","timestamp":"2024-10-15T05:16:58.917Z"}
{"level":"\u001b[32minfo\u001b[39m","message":"{\"method\":\"POST\",\"url\":\"/api/user/userchat/66f275f9edd163d2683325d3\",\"status\":\"200\",\"responseTime\":\"409.615\"}","timestamp":"2024-10-15T05:24:11.721Z"}
{"level":"\u001b[32minfo\u001b[39m","message":"{\"method\":\"GET\",\"url\":\"/api/user/getbook/66f275f9edd163d2683325d3\",\"status\":\"304\",\"responseTime\":\"3098.149\"}","timestamp":"2024-10-15T05:24:25.656Z"}
{"level":"\u001b[32minfo\u001b[39m","message":"{\"method\":\"POST\",\"url\":\"/api/user/userchat/66f275f9edd163d2683325d3\",\"status\":\"200\",\"responseTime\":\"202.603\"}","timestamp":"2024-10-15T05:24:39.842Z"}
{"level":"\u001b[32minfo\u001b[39m","message":"{\"method\":\"GET\",\"url\":\"/api/user/getbook/66f275f9edd163d2683325d3\",\"status\":\"304\",\"responseTime\":\"207.467\"}","timestamp":"2024-10-15T05:31:17.206Z"}
